 alt    sigma      delta    theta  temp   press      dens     a   visc   k.visc
  Km                                 K   N/sq.m    kg/cu.m  m/sec kg/m-s sq.m/s
  0.00 1.0000E+00 1.0000E+00 1.0000 288.1 1.013E+05 1.225E+00 340.3 17.89 1.46E-05
  0.10 9.9044E-01 9.8820E-01 0.9977 287.5 1.001E+05 1.213E+00 339.9 17.86 1.47E-05
  0.20 9.8094E-01 9.7652E-01 0.9955 286.9 9.895E+04 1.202E+00 339.5 17.83 1.48E-05
  0.30 9.7152E-01 9.6494E-01 0.9932 286.2 9.777E+04 1.190E+00 339.1 17.80 1.50E-05
  0.40 9.6216E-01 9.5348E-01 0.9910 285.6 9.661E+04 1.179E+00 338.8 17.77 1.51E-05
  0.50 9.5288E-01 9.4213E-01 0.9887 284.9 9.546E+04 1.167E+00 338.4 17.74 1.52E-05
  0.60 9.4366E-01 9.3089E-01 0.9865 284.3 9.432E+04 1.156E+00 338.0 17.71 1.53E-05
  0.70 9.3451E-01 9.1976E-01 0.9842 283.6 9.319E+04 1.145E+00 337.6 17.67 1.54E-05
  0.80 9.2543E-01 9.0873E-01 0.9820 283.0 9.208E+04 1.134E+00 337.2 17.64 1.56E-05
  0.90 9.1642E-01 8.9782E-01 0.9797 282.3 9.097E+04 1.123E+00 336.8 17.61 1.57E-05
  1.00 9.0748E-01 8.8701E-01 0.9774 281.7 8.988E+04 1.112E+00 336.4 17.58 1.58E-05
  1.10 8.9860E-01 8.7631E-01 0.9752 281.0 8.879E+04 1.101E+00 336.0 17.55 1.59E-05
  1.20 8.8979E-01 8.6571E-01 0.9729 280.4 8.772E+04 1.090E+00 335.7 17.52 1.61E-05
  1.30 8.8105E-01 8.5522E-01 0.9707 279.7 8.665E+04 1.079E+00 335.3 17.48 1.62E-05
  1.40 8.7237E-01 8.4483E-01 0.9684 279.1 8.560E+04 1.069E+00 334.9 17.45 1.63E-05
  1.50 8.6376E-01 8.3454E-01 0.9662 278.4 8.456E+04 1.058E+00 334.5 17.42 1.65E-05
  1.60 8.5521E-01 8.2435E-01 0.9639 277.8 8.353E+04 1.048E+00 334.1 17.39 1.66E-05
  1.70 8.4673E-01 8.1427E-01 0.9617 277.1 8.251E+04 1.037E+00 333.7 17.36 1.67E-05
  1.80 8.3832E-01 8.0429E-01 0.9594 276.5 8.149E+04 1.027E+00 333.3 17.32 1.69E-05
  1.90 8.2996E-01 7.9440E-01 0.9572 275.8 8.049E+04 1.017E+00 332.9 17.29 1.70E-05
  2.00 8.2168E-01 7.8462E-01 0.9549 275.2 7.950E+04 1.007E+00 332.5 17.26 1.71E-05
  2.10 8.1345E-01 7.7493E-01 0.9526 274.5 7.852E+04 9.965E-01 332.1 17.23 1.73E-05
  2.20 8.0529E-01 7.6534E-01 0.9504 273.9 7.755E+04 9.865E-01 331.7 17.20 1.74E-05
  2.30 7.9719E-01 7.5585E-01 0.9481 273.2 7.659E+04 9.766E-01 331.4 17.16 1.76E-05
  2.40 7.8916E-01 7.4645E-01 0.9459 272.6 7.563E+04 9.667E-01 331.0 17.13 1.77E-05
  2.50 7.8119E-01 7.3715E-01 0.9436 271.9 7.469E+04 9.570E-01 330.6 17.10 1.79E-05
  2.60 7.7328E-01 7.2794E-01 0.9414 271.3 7.376E+04 9.473E-01 330.2 17.07 1.80E-05
  2.70 7.6543E-01 7.1883E-01 0.9391 270.6 7.284E+04 9.376E-01 329.8 17.03 1.82E-05
  2.80 7.5764E-01 7.0981E-01 0.9369 270.0 7.192E+04 9.281E-01 329.4 17.00 1.83E-05
  2.90 7.4991E-01 7.0088E-01 0.9346 269.3 7.102E+04 9.186E-01 329.0 16.97 1.85E-05
  3.00 7.4225E-01 6.9204E-01 0.9324 268.7 7.012E+04 9.093E-01 328.6 16.94 1.86E-05
  3.10 7.3464E-01 6.8330E-01 0.9301 268.0 6.923E+04 8.999E-01 328.2 16.91 1.88E-05
  3.20 7.2710E-01 6.7464E-01 0.9279 267.4 6.836E+04 8.907E-01 327.8 16.87 1.89E-05
  3.30 7.1961E-01 6.6607E-01 0.9256 266.7 6.749E+04 8.815E-01 327.4 16.84 1.91E-05
  3.40 7.1219E-01 6.5759E-01 0.9233 266.1 6.663E+04 8.724E-01 327.0 16.81 1.93E-05
  3.50 7.0482E-01 6.4920E-01 0.9211 265.4 6.578E+04 8.634E-01 326.6 16.78 1.94E-05
  3.60 6.9751E-01 6.4090E-01 0.9188 264.8 6.494E+04 8.544E-01 326.2 16.74 1.96E-05
  3.70 6.9026E-01 6.3268E-01 0.9166 264.1 6.411E+04 8.456E-01 325.8 16.71 1.98E-05
  3.80 6.8307E-01 6.2455E-01 0.9143 263.5 6.328E+04 8.368E-01 325.4 16.68 1.99E-05
  3.90 6.7593E-01 6.1650E-01 0.9121 262.8 6.247E+04 8.280E-01 325.0 16.64 2.01E-05
  4.00 6.6885E-01 6.0854E-01 0.9098 262.2 6.166E+04 8.193E-01 324.6 16.61 2.03E-05
  4.10 6.6183E-01 6.0066E-01 0.9076 261.5 6.086E+04 8.107E-01 324.2 16.58 2.04E-05
  4.20 6.5487E-01 5.9287E-01 0.9053 260.9 6.007E+04 8.022E-01 323.8 16.55 2.06E-05
  4.30 6.4796E-01 5.8515E-01 0.9031 260.2 5.929E+04 7.938E-01 323.4 16.51 2.08E-05
  4.40 6.4111E-01 5.7752E-01 0.9008 259.6 5.852E+04 7.854E-01 323.0 16.48 2.10E-05
  4.50 6.3432E-01 5.6997E-01 0.8986 258.9 5.775E+04 7.770E-01 322.6 16.45 2.12E-05
  4.60 6.2758E-01 5.6250E-01 0.8963 258.3 5.700E+04 7.688E-01 322.2 16.41 2.14E-05
  4.70 6.2089E-01 5.5511E-01 0.8941 257.6 5.625E+04 7.606E-01 321.8 16.38 2.15E-05
  4.80 6.1426E-01 5.4780E-01 0.8918 257.0 5.551E+04 7.525E-01 321.4 16.35 2.17E-05
  4.90 6.0769E-01 5.4057E-01 0.8896 256.3 5.477E+04 7.444E-01 321.0 16.32 2.19E-05
  5.00 6.0117E-01 5.3342E-01 0.8873 255.7 5.405E+04 7.364E-01 320.5 16.28 2.21E-05
  5.10 5.9470E-01 5.2634E-01 0.8850 255.0 5.333E+04 7.285E-01 320.1 16.25 2.23E-05
  5.20 5.8829E-01 5.1934E-01 0.8828 254.4 5.262E+04 7.206E-01 319.7 16.22 2.25E-05
  5.30 5.8192E-01 5.1241E-01 0.8805 253.7 5.192E+04 7.129E-01 319.3 16.18 2.27E-05
  5.40 5.7562E-01 5.0556E-01 0.8783 253.1 5.123E+04 7.051E-01 318.9 16.15 2.29E-05
  5.50 5.6936E-01 4.9878E-01 0.8760 252.4 5.054E+04 6.975E-01 318.5 16.12 2.31E-05
  5.60 5.6316E-01 4.9208E-01 0.8738 251.8 4.986E+04 6.899E-01 318.1 16.08 2.33E-05
  5.70 5.5701E-01 4.8545E-01 0.8715 251.1 4.919E+04 6.823E-01 317.7 16.05 2.35E-05
  5.80 5.5091E-01 4.7890E-01 0.8693 250.5 4.852E+04 6.749E-01 317.3 16.02 2.37E-05
  5.90 5.4486E-01 4.7241E-01 0.8670 249.8 4.787E+04 6.675E-01 316.9 15.98 2.39E-05
  6.00 5.3887E-01 4.6600E-01 0.8648 249.2 4.722E+04 6.601E-01 316.5 15.95 2.42E-05
  6.10 5.3292E-01 4.5966E-01 0.8625 248.5 4.658E+04 6.528E-01 316.0 15.92 2.44E-05
  6.20 5.2703E-01 4.5339E-01 0.8603 247.9 4.594E+04 6.456E-01 315.6 15.88 2.46E-05
  6.30 5.2118E-01 4.4719E-01 0.8580 247.2 4.531E+04 6.384E-01 315.2 15.85 2.48E-05
  6.40 5.1539E-01 4.4106E-01 0.8558 246.6 4.469E+04 6.313E-01 314.8 15.81 2.50E-05
  6.50 5.0964E-01 4.3499E-01 0.8535 245.9 4.408E+04 6.243E-01 314.4 15.78 2.53E-05
  6.60 5.0394E-01 4.2900E-01 0.8513 245.3 4.347E+04 6.173E-01 314.0 15.75 2.55E-05
  6.70 4.9830E-01 4.2307E-01 0.8490 244.6 4.287E+04 6.104E-01 313.6 15.71 2.57E-05
  6.80 4.9270E-01 4.1720E-01 0.8468 244.0 4.227E+04 6.036E-01 313.1 15.68 2.60E-05
  6.90 4.8715E-01 4.1141E-01 0.8445 243.3 4.169E+04 5.968E-01 312.7 15.65 2.62E-05
  7.00 4.8165E-01 4.0568E-01 0.8423 242.7 4.111E+04 5.900E-01 312.3 15.61 2.65E-05
  7.10 4.7619E-01 4.0001E-01 0.8400 242.1 4.053E+04 5.833E-01 311.9 15.58 2.67E-05
  7.20 4.7079E-01 3.9441E-01 0.8378 241.4 3.996E+04 5.767E-01 311.5 15.54 2.70E-05
  7.30 4.6543E-01 3.8887E-01 0.8355 240.8 3.940E+04 5.701E-01 311.1 15.51 2.72E-05
  7.40 4.6012E-01 3.8340E-01 0.8333 240.1 3.885E+04 5.636E-01 310.6 15.48 2.75E-05
  7.50 4.5485E-01 3.7799E-01 0.8310 239.5 3.830E+04 5.572E-01 310.2 15.44 2.77E-05
  7.60 4.4963E-01 3.7264E-01 0.8288 238.8 3.776E+04 5.508E-01 309.8 15.41 2.80E-05
  7.70 4.4446E-01 3.6735E-01 0.8265 238.2 3.722E+04 5.445E-01 309.4 15.37 2.82E-05
  7.80 4.3933E-01 3.6213E-01 0.8243 237.5 3.669E+04 5.382E-01 308.9 15.34 2.85E-05
  7.90 4.3425E-01 3.5696E-01 0.8220 236.9 3.617E+04 5.320E-01 308.5 15.31 2.88E-05
  8.00 4.2921E-01 3.5185E-01 0.8198 236.2 3.565E+04 5.258E-01 308.1 15.27 2.90E-05
  8.10 4.2422E-01 3.4681E-01 0.8175 235.6 3.514E+04 5.197E-01 307.7 15.24 2.93E-05
  8.20 4.1928E-01 3.4182E-01 0.8153 234.9 3.463E+04 5.136E-01 307.3 15.20 2.96E-05
  8.30 4.1437E-01 3.3689E-01 0.8130 234.3 3.414E+04 5.076E-01 306.8 15.17 2.99E-05
  8.40 4.0951E-01 3.3202E-01 0.8108 233.6 3.364E+04 5.017E-01 306.4 15.13 3.02E-05
  8.50 4.0470E-01 3.2721E-01 0.8085 233.0 3.315E+04 4.958E-01 306.0 15.10 3.05E-05
  8.60 3.9993E-01 3.2245E-01 0.8063 232.3 3.267E+04 4.899E-01 305.6 15.06 3.07E-05
  8.70 3.9520E-01 3.1775E-01 0.8040 231.7 3.220E+04 4.841E-01 305.1 15.03 3.10E-05
  8.80 3.9052E-01 3.1310E-01 0.8018 231.0 3.173E+04 4.784E-01 304.7 15.00 3.13E-05
  8.90 3.8588E-01 3.0851E-01 0.7995 230.4 3.126E+04 4.727E-01 304.3 14.96 3.16E-05
  9.00 3.8128E-01 3.0398E-01 0.7973 229.7 3.080E+04 4.671E-01 303.8 14.93 3.20E-05
  9.10 3.7672E-01 2.9950E-01 0.7950 229.1 3.035E+04 4.615E-01 303.4 14.89 3.23E-05
  9.20 3.7220E-01 2.9507E-01 0.7928 228.4 2.990E+04 4.559E-01 303.0 14.86 3.26E-05
  9.30 3.6773E-01 2.9070E-01 0.7905 227.8 2.945E+04 4.505E-01 302.6 14.82 3.29E-05
  9.40 3.6330E-01 2.8638E-01 0.7883 227.1 2.902E+04 4.450E-01 302.1 14.79 3.32E-05
  9.50 3.5891E-01 2.8211E-01 0.7860 226.5 2.858E+04 4.397E-01 301.7 14.75 3.36E-05
  9.60 3.5456E-01 2.7789E-01 0.7838 225.8 2.816E+04 4.343E-01 301.3 14.72 3.39E-05
  9.70 3.5025E-01 2.7373E-01 0.7815 225.2 2.774E+04 4.291E-01 300.8 14.68 3.42E-05
  9.80 3.4598E-01 2.6961E-01 0.7793 224.5 2.732E+04 4.238E-01 300.4 14.65 3.46E-05
  9.90 3.4175E-01 2.6555E-01 0.7770 223.9 2.691E+04 4.186E-01 300.0 14.61 3.49E-05
 10.00 3.3756E-01 2.6153E-01 0.7748 223.3 2.650E+04 4.135E-01 299.5 14.58 3.53E-05
 10.10 3.3341E-01 2.5757E-01 0.7725 222.6 2.610E+04 4.084E-01 299.1 14.54 3.56E-05
 10.20 3.2930E-01 2.5365E-01 0.7703 222.0 2.570E+04 4.034E-01 298.7 14.51 3.60E-05
 10.30 3.2523E-01 2.4979E-01 0.7680 221.3 2.531E+04 3.984E-01 298.2 14.47 3.63E-05
 10.40 3.2119E-01 2.4597E-01 0.7658 220.7 2.492E+04 3.935E-01 297.8 14.44 3.67E-05
 10.50 3.1720E-01 2.4219E-01 0.7635 220.0 2.454E+04 3.886E-01 297.4 14.40 3.71E-05
 10.60 3.1324E-01 2.3847E-01 0.7613 219.4 2.416E+04 3.837E-01 296.9 14.36 3.74E-05
 10.70 3.0933E-01 2.3479E-01 0.7590 218.7 2.379E+04 3.789E-01 296.5 14.33 3.78E-05
 10.80 3.0545E-01 2.3116E-01 0.7568 218.1 2.342E+04 3.742E-01 296.0 14.29 3.82E-05
 10.90 3.0160E-01 2.2757E-01 0.7545 217.4 2.306E+04 3.695E-01 295.6 14.26 3.86E-05
 11.00 2.9780E-01 2.2403E-01 0.7523 216.8 2.270E+04 3.648E-01 295.2 14.22 3.90E-05
 11.10 2.9332E-01 2.2054E-01 0.7519 216.7 2.235E+04 3.593E-01 295.1 14.22 3.96E-05
 11.20 2.8875E-01 2.1710E-01 0.7519 216.7 2.200E+04 3.537E-01 295.1 14.22 4.02E-05
 11.30 2.8425E-01 2.1372E-01 0.7519 216.7 2.165E+04 3.482E-01 295.1 14.22 4.08E-05
 11.40 2.7982E-01 2.1038E-01 0.7519 216.7 2.132E+04 3.428E-01 295.1 14.22 4.15E-05
 11.50 2.7545E-01 2.0710E-01 0.7519 216.7 2.098E+04 3.374E-01 295.1 14.22 4.21E-05
 11.60 2.7116E-01 2.0388E-01 0.7519 216.7 2.066E+04 3.322E-01 295.1 14.22 4.28E-05
 11.70 2.6693E-01 2.0070E-01 0.7519 216.7 2.034E+04 3.270E-01 295.1 14.22 4.35E-05
 11.80 2.6277E-01 1.9757E-01 0.7519 216.7 2.002E+04 3.219E-01 295.1 14.22 4.42E-05
 11.90 2.5868E-01 1.9449E-01 0.7519 216.7 1.971E+04 3.169E-01 295.1 14.22 4.49E-05
 12.00 2.5464E-01 1.9146E-01 0.7519 216.7 1.940E+04 3.119E-01 295.1 14.22 4.56E-05
 12.10 2.5067E-01 1.8847E-01 0.7519 216.7 1.910E+04 3.071E-01 295.1 14.22 4.63E-05
 12.20 2.4677E-01 1.8554E-01 0.7519 216.7 1.880E+04 3.023E-01 295.1 14.22 4.70E-05
 12.30 2.4292E-01 1.8264E-01 0.7519 216.7 1.851E+04 2.976E-01 295.1 14.22 4.78E-05
 12.40 2.3914E-01 1.7980E-01 0.7519 216.7 1.822E+04 2.929E-01 295.1 14.22 4.85E-05
 12.50 2.3541E-01 1.7700E-01 0.7519 216.7 1.793E+04 2.884E-01 295.1 14.22 4.93E-05
 12.60 2.3174E-01 1.7424E-01 0.7519 216.7 1.765E+04 2.839E-01 295.1 14.22 5.01E-05
 12.70 2.2813E-01 1.7152E-01 0.7519 216.7 1.738E+04 2.795E-01 295.1 14.22 5.09E-05
 12.80 2.2457E-01 1.6885E-01 0.7519 216.7 1.711E+04 2.751E-01 295.1 14.22 5.17E-05
 12.90 2.2107E-01 1.6622E-01 0.7519 216.7 1.684E+04 2.708E-01 295.1 14.22 5.25E-05
 13.00 2.1763E-01 1.6363E-01 0.7519 216.7 1.658E+04 2.666E-01 295.1 14.22 5.33E-05
 13.10 2.1424E-01 1.6108E-01 0.7519 216.7 1.632E+04 2.624E-01 295.1 14.22 5.42E-05
 13.20 2.1090E-01 1.5857E-01 0.7519 216.7 1.607E+04 2.584E-01 295.1 14.22 5.50E-05
 13.30 2.0761E-01 1.5610E-01 0.7519 216.7 1.582E+04 2.543E-01 295.1 14.22 5.59E-05
 13.40 2.0438E-01 1.5367E-01 0.7519 216.7 1.557E+04 2.504E-01 295.1 14.22 5.68E-05
 13.50 2.0120E-01 1.5127E-01 0.7519 216.7 1.533E+04 2.465E-01 295.1 14.22 5.77E-05
 13.60 1.9806E-01 1.4892E-01 0.7519 216.7 1.509E+04 2.426E-01 295.1 14.22 5.86E-05
 13.70 1.9498E-01 1.4660E-01 0.7519 216.7 1.485E+04 2.388E-01 295.1 14.22 5.95E-05
 13.80 1.9194E-01 1.4431E-01 0.7519 216.7 1.462E+04 2.351E-01 295.1 14.22 6.05E-05
 13.90 1.8895E-01 1.4206E-01 0.7519 216.7 1.439E+04 2.315E-01 295.1 14.22 6.14E-05
 14.00 1.8601E-01 1.3985E-01 0.7519 216.7 1.417E+04 2.279E-01 295.1 14.22 6.24E-05
 14.10 1.8311E-01 1.3767E-01 0.7519 216.7 1.395E+04 2.243E-01 295.1 14.22 6.34E-05
 14.20 1.8026E-01 1.3553E-01 0.7519 216.7 1.373E+04 2.208E-01 295.1 14.22 6.44E-05
 14.30 1.7745E-01 1.3342E-01 0.7519 216.7 1.352E+04 2.174E-01 295.1 14.22 6.54E-05
 14.40 1.7468E-01 1.3134E-01 0.7519 216.7 1.331E+04 2.140E-01 295.1 14.22 6.64E-05
 14.50 1.7196E-01 1.2929E-01 0.7519 216.7 1.310E+04 2.107E-01 295.1 14.22 6.75E-05
 14.60 1.6929E-01 1.2728E-01 0.7519 216.7 1.290E+04 2.074E-01 295.1 14.22 6.86E-05
 14.70 1.6665E-01 1.2530E-01 0.7519 216.7 1.270E+04 2.041E-01 295.1 14.22 6.96E-05
 14.80 1.6405E-01 1.2335E-01 0.7519 216.7 1.250E+04 2.010E-01 295.1 14.22 7.07E-05
 14.90 1.6150E-01 1.2143E-01 0.7519 216.7 1.230E+04 1.978E-01 295.1 14.22 7.19E-05
 15.00 1.5898E-01 1.1953E-01 0.7519 216.7 1.211E+04 1.948E-01 295.1 14.22 7.30E-05
 15.10 1.5651E-01 1.1767E-01 0.7519 216.7 1.192E+04 1.917E-01 295.1 14.22 7.41E-05
 15.20 1.5407E-01 1.1584E-01 0.7519 216.7 1.174E+04 1.887E-01 295.1 14.22 7.53E-05
 15.30 1.5167E-01 1.1404E-01 0.7519 216.7 1.155E+04 1.858E-01 295.1 14.22 7.65E-05
 15.40 1.4931E-01 1.1226E-01 0.7519 216.7 1.137E+04 1.829E-01 295.1 14.22 7.77E-05
 15.50 1.4699E-01 1.1051E-01 0.7519 216.7 1.120E+04 1.801E-01 295.1 14.22 7.90E-05
 15.60 1.4470E-01 1.0879E-01 0.7519 216.7 1.102E+04 1.773E-01 295.1 14.22 8.02E-05
 15.70 1.4244E-01 1.0710E-01 0.7519 216.7 1.085E+04 1.745E-01 295.1 14.22 8.15E-05
 15.80 1.4023E-01 1.0543E-01 0.7519 216.7 1.068E+04 1.718E-01 295.1 14.22 8.28E-05
 15.90 1.3804E-01 1.0379E-01 0.7519 216.7 1.052E+04 1.691E-01 295.1 14.22 8.41E-05
 16.00 1.3589E-01 1.0217E-01 0.7519 216.7 1.035E+04 1.665E-01 295.1 14.22 8.54E-05
 16.10 1.3378E-01 1.0058E-01 0.7519 216.7 1.019E+04 1.639E-01 295.1 14.22 8.67E-05
 16.20 1.3170E-01 9.9018E-02 0.7519 216.7 1.003E+04 1.613E-01 295.1 14.22 8.81E-05
 16.30 1.2965E-01 9.7477E-02 0.7519 216.7 9.877E+03 1.588E-01 295.1 14.22 8.95E-05
 16.40 1.2763E-01 9.5960E-02 0.7519 216.7 9.723E+03 1.563E-01 295.1 14.22 9.09E-05
 16.50 1.2564E-01 9.4466E-02 0.7519 216.7 9.572E+03 1.539E-01 295.1 14.22 9.24E-05
 16.60 1.2369E-01 9.2996E-02 0.7519 216.7 9.423E+03 1.515E-01 295.1 14.22 9.38E-05
 16.70 1.2176E-01 9.1548E-02 0.7519 216.7 9.276E+03 1.492E-01 295.1 14.22 9.53E-05
 16.80 1.1987E-01 9.0123E-02 0.7519 216.7 9.132E+03 1.468E-01 295.1 14.22 9.68E-05
 16.90 1.1800E-01 8.8721E-02 0.7519 216.7 8.990E+03 1.446E-01 295.1 14.22 9.83E-05
 17.00 1.1616E-01 8.7340E-02 0.7519 216.7 8.850E+03 1.423E-01 295.1 14.22 9.99E-05
 17.10 1.1436E-01 8.5981E-02 0.7519 216.7 8.712E+03 1.401E-01 295.1 14.22 1.01E-04
 17.20 1.1258E-01 8.4643E-02 0.7519 216.7 8.576E+03 1.379E-01 295.1 14.22 1.03E-04
 17.30 1.1083E-01 8.3326E-02 0.7519 216.7 8.443E+03 1.358E-01 295.1 14.22 1.05E-04
 17.40 1.0910E-01 8.2029E-02 0.7519 216.7 8.312E+03 1.336E-01 295.1 14.22 1.06E-04
 17.50 1.0740E-01 8.0753E-02 0.7519 216.7 8.182E+03 1.316E-01 295.1 14.22 1.08E-04
 17.60 1.0573E-01 7.9496E-02 0.7519 216.7 8.055E+03 1.295E-01 295.1 14.22 1.10E-04
 17.70 1.0409E-01 7.8259E-02 0.7519 216.7 7.930E+03 1.275E-01 295.1 14.22 1.11E-04
 17.80 1.0247E-01 7.7042E-02 0.7519 216.7 7.806E+03 1.255E-01 295.1 14.22 1.13E-04
 17.90 1.0087E-01 7.5843E-02 0.7519 216.7 7.685E+03 1.236E-01 295.1 14.22 1.15E-04
 18.00 9.9304E-02 7.4663E-02 0.7519 216.7 7.565E+03 1.216E-01 295.1 14.22 1.17E-04
 18.10 9.7759E-02 7.3501E-02 0.7519 216.7 7.448E+03 1.198E-01 295.1 14.22 1.19E-04
 18.20 9.6238E-02 7.2358E-02 0.7519 216.7 7.332E+03 1.179E-01 295.1 14.22 1.21E-04
 18.30 9.4741E-02 7.1232E-02 0.7519 216.7 7.218E+03 1.161E-01 295.1 14.22 1.22E-04
 18.40 9.3267E-02 7.0124E-02 0.7519 216.7 7.105E+03 1.143E-01 295.1 14.22 1.24E-04
 18.50 9.1816E-02 6.9034E-02 0.7519 216.7 6.995E+03 1.125E-01 295.1 14.22 1.26E-04
 18.60 9.0388E-02 6.7960E-02 0.7519 216.7 6.886E+03 1.107E-01 295.1 14.22 1.28E-04
 18.70 8.8982E-02 6.6903E-02 0.7519 216.7 6.779E+03 1.090E-01 295.1 14.22 1.30E-04
 18.80 8.7598E-02 6.5862E-02 0.7519 216.7 6.673E+03 1.073E-01 295.1 14.22 1.32E-04
 18.90 8.6236E-02 6.4838E-02 0.7519 216.7 6.570E+03 1.056E-01 295.1 14.22 1.35E-04
 19.00 8.4894E-02 6.3829E-02 0.7519 216.7 6.467E+03 1.040E-01 295.1 14.22 1.37E-04
 19.10 8.3574E-02 6.2836E-02 0.7519 216.7 6.367E+03 1.024E-01 295.1 14.22 1.39E-04
 19.20 8.2274E-02 6.1859E-02 0.7519 216.7 6.268E+03 1.008E-01 295.1 14.22 1.41E-04
 19.30 8.0995E-02 6.0897E-02 0.7519 216.7 6.170E+03 9.922E-02 295.1 14.22 1.43E-04
 19.40 7.9735E-02 5.9950E-02 0.7519 216.7 6.074E+03 9.768E-02 295.1 14.22 1.46E-04
 19.50 7.8495E-02 5.9018E-02 0.7519 216.7 5.980E+03 9.616E-02 295.1 14.22 1.48E-04
 19.60 7.7275E-02 5.8100E-02 0.7519 216.7 5.887E+03 9.466E-02 295.1 14.22 1.50E-04
 19.70 7.6073E-02 5.7197E-02 0.7519 216.7 5.795E+03 9.319E-02 295.1 14.22 1.53E-04
 19.80 7.4890E-02 5.6307E-02 0.7519 216.7 5.705E+03 9.174E-02 295.1 14.22 1.55E-04
 19.90 7.3726E-02 5.5432E-02 0.7519 216.7 5.617E+03 9.031E-02 295.1 14.22 1.57E-04
 20.00 7.2580E-02 5.4570E-02 0.7519 216.7 5.529E+03 8.891E-02 295.1 14.22 1.60E-04
 20.10 7.1439E-02 5.3722E-02 0.7520 216.7 5.443E+03 8.751E-02 295.1 14.22 1.62E-04
 20.20 7.0297E-02 5.2887E-02 0.7523 216.8 5.359E+03 8.611E-02 295.2 14.22 1.65E-04
 20.30 6.9173E-02 5.2065E-02 0.7527 216.9 5.276E+03 8.474E-02 295.2 14.23 1.68E-04
 20.40 6.8068E-02 5.1257E-02 0.7530 217.0 5.194E+03 8.338E-02 295.3 14.23 1.71E-04
 20.50 6.6981E-02 5.0461E-02 0.7534 217.1 5.113E+03 8.205E-02 295.4 14.24 1.74E-04
 20.60 6.5912E-02 4.9679E-02 0.7537 217.2 5.034E+03 8.074E-02 295.4 14.25 1.76E-04
 20.70 6.4860E-02 4.8909E-02 0.7541 217.3 4.956E+03 7.945E-02 295.5 14.25 1.79E-04
 20.80 6.3826E-02 4.8151E-02 0.7544 217.4 4.879E+03 7.819E-02 295.6 14.26 1.82E-04
 20.90 6.2809E-02 4.7405E-02 0.7548 217.5 4.803E+03 7.694E-02 295.6 14.26 1.85E-04
 21.00 6.1808E-02 4.6671E-02 0.7551 217.6 4.729E+03 7.571E-02 295.7 14.27 1.88E-04
 21.10 6.0824E-02 4.5949E-02 0.7554 217.7 4.656E+03 7.451E-02 295.8 14.27 1.92E-04
 21.20 5.9856E-02 4.5238E-02 0.7558 217.8 4.584E+03 7.332E-02 295.8 14.28 1.95E-04
 21.30 5.8904E-02 4.4539E-02 0.7561 217.9 4.513E+03 7.216E-02 295.9 14.28 1.98E-04
 21.40 5.7967E-02 4.3851E-02 0.7565 218.0 4.443E+03 7.101E-02 296.0 14.29 2.01E-04
 21.50 5.7046E-02 4.3174E-02 0.7568 218.1 4.375E+03 6.988E-02 296.0 14.29 2.05E-04
 21.60 5.6140E-02 4.2507E-02 0.7572 218.2 4.307E+03 6.877E-02 296.1 14.30 2.08E-04
 21.70 5.5249E-02 4.1851E-02 0.7575 218.3 4.241E+03 6.768E-02 296.2 14.31 2.11E-04
 21.80 5.4372E-02 4.1206E-02 0.7579 218.4 4.175E+03 6.661E-02 296.2 14.31 2.15E-04
 21.90 5.3509E-02 4.0571E-02 0.7582 218.5 4.111E+03 6.555E-02 296.3 14.32 2.18E-04
 22.00 5.2661E-02 3.9946E-02 0.7585 218.6 4.048E+03 6.451E-02 296.4 14.32 2.22E-04
 22.10 5.1827E-02 3.9331E-02 0.7589 218.7 3.985E+03 6.349E-02 296.4 14.33 2.26E-04
 22.20 5.1006E-02 3.8725E-02 0.7592 218.8 3.924E+03 6.248E-02 296.5 14.33 2.29E-04
 22.30 5.0198E-02 3.8129E-02 0.7596 218.9 3.863E+03 6.149E-02 296.6 14.34 2.33E-04
 22.40 4.9404E-02 3.7543E-02 0.7599 219.0 3.804E+03 6.052E-02 296.6 14.34 2.37E-04
 22.50 4.8623E-02 3.6966E-02 0.7603 219.1 3.746E+03 5.956E-02 296.7 14.35 2.41E-04
 22.60 4.7854E-02 3.6398E-02 0.7606 219.2 3.688E+03 5.862E-02 296.8 14.35 2.45E-04
 22.70 4.7098E-02 3.5839E-02 0.7610 219.3 3.631E+03 5.770E-02 296.8 14.36 2.49E-04
 22.80 4.6354E-02 3.5289E-02 0.7613 219.4 3.576E+03 5.678E-02 296.9 14.37 2.53E-04
 22.90 4.5622E-02 3.4748E-02 0.7616 219.5 3.521E+03 5.589E-02 297.0 14.37 2.57E-04
 23.00 4.4903E-02 3.4215E-02 0.7620 219.6 3.467E+03 5.501E-02 297.0 14.38 2.61E-04
 23.10 4.4195E-02 3.3691E-02 0.7623 219.7 3.414E+03 5.414E-02 297.1 14.38 2.66E-04
 23.20 4.3498E-02 3.3175E-02 0.7627 219.8 3.361E+03 5.328E-02 297.2 14.39 2.70E-04
 23.30 4.2813E-02 3.2667E-02 0.7630 219.9 3.310E+03 5.245E-02 297.3 14.39 2.74E-04
 23.40 4.2138E-02 3.2167E-02 0.7634 220.0 3.259E+03 5.162E-02 297.3 14.40 2.79E-04
 23.50 4.1475E-02 3.1675E-02 0.7637 220.1 3.209E+03 5.081E-02 297.4 14.40 2.83E-04
 23.60 4.0823E-02 3.1191E-02 0.7641 220.2 3.160E+03 5.001E-02 297.5 14.41 2.88E-04
 23.70 4.0181E-02 3.0714E-02 0.7644 220.3 3.112E+03 4.922E-02 297.5 14.41 2.93E-04
 23.80 3.9549E-02 3.0245E-02 0.7647 220.4 3.065E+03 4.845E-02 297.6 14.42 2.98E-04
 23.90 3.8928E-02 2.9783E-02 0.7651 220.5 3.018E+03 4.769E-02 297.7 14.42 3.02E-04
 24.00 3.8317E-02 2.9329E-02 0.7654 220.6 2.972E+03 4.694E-02 297.7 14.43 3.07E-04
 24.10 3.7715E-02 2.8882E-02 0.7658 220.7 2.926E+03 4.620E-02 297.8 14.44 3.12E-04
 24.20 3.7124E-02 2.8441E-02 0.7661 220.8 2.882E+03 4.548E-02 297.9 14.44 3.18E-04
 24.30 3.6542E-02 2.8008E-02 0.7665 220.9 2.838E+03 4.476E-02 297.9 14.45 3.23E-04
 24.40 3.5969E-02 2.7581E-02 0.7668 221.0 2.795E+03 4.406E-02 298.0 14.45 3.28E-04
 24.50 3.5405E-02 2.7161E-02 0.7672 221.1 2.752E+03 4.337E-02 298.1 14.46 3.33E-04
 24.60 3.4851E-02 2.6748E-02 0.7675 221.2 2.710E+03 4.269E-02 298.1 14.46 3.39E-04
 24.70 3.4306E-02 2.6341E-02 0.7678 221.3 2.669E+03 4.202E-02 298.2 14.47 3.44E-04
 24.80 3.3769E-02 2.5941E-02 0.7682 221.4 2.628E+03 4.137E-02 298.3 14.47 3.50E-04
 24.90 3.3241E-02 2.5547E-02 0.7685 221.5 2.589E+03 4.072E-02 298.3 14.48 3.56E-04
 25.00 3.2722E-02 2.5159E-02 0.7689 221.6 2.549E+03 4.008E-02 298.4 14.48 3.61E-04
 25.10 3.2210E-02 2.4777E-02 0.7692 221.7 2.511E+03 3.946E-02 298.5 14.49 3.67E-04
 25.20 3.1708E-02 2.4401E-02 0.7696 221.8 2.472E+03 3.884E-02 298.5 14.50 3.73E-04
 25.30 3.1213E-02 2.4031E-02 0.7699 221.8 2.435E+03 3.824E-02 298.6 14.50 3.79E-04
 25.40 3.0726E-02 2.3667E-02 0.7703 221.9 2.398E+03 3.764E-02 298.7 14.51 3.85E-04
 25.50 3.0247E-02 2.3308E-02 0.7706 222.0 2.362E+03 3.705E-02 298.7 14.51 3.92E-04
 25.60 2.9776E-02 2.2955E-02 0.7709 222.1 2.326E+03 3.648E-02 298.8 14.52 3.98E-04
 25.70 2.9312E-02 2.2608E-02 0.7713 222.2 2.291E+03 3.591E-02 298.9 14.52 4.04E-04
 25.80 2.8855E-02 2.2266E-02 0.7716 222.3 2.256E+03 3.535E-02 298.9 14.53 4.11E-04
 25.90 2.8406E-02 2.1929E-02 0.7720 222.4 2.222E+03 3.480E-02 299.0 14.53 4.18E-04
 26.00 2.7965E-02 2.1598E-02 0.7723 222.5 2.188E+03 3.426E-02 299.1 14.54 4.24E-04
 26.10 2.7530E-02 2.1271E-02 0.7727 222.6 2.155E+03 3.372E-02 299.1 14.54 4.31E-04
 26.20 2.7102E-02 2.0950E-02 0.7730 222.7 2.123E+03 3.320E-02 299.2 14.55 4.38E-04
 26.30 2.6681E-02 2.0634E-02 0.7734 222.8 2.091E+03 3.268E-02 299.3 14.55 4.45E-04
 26.40 2.6267E-02 2.0323E-02 0.7737 222.9 2.059E+03 3.218E-02 299.3 14.56 4.52E-04
 26.50 2.5859E-02 2.0016E-02 0.7740 223.0 2.028E+03 3.168E-02 299.4 14.57 4.60E-04
 26.60 2.5458E-02 1.9715E-02 0.7744 223.1 1.998E+03 3.119E-02 299.5 14.57 4.67E-04
 26.70 2.5064E-02 1.9418E-02 0.7747 223.2 1.967E+03 3.070E-02 299.5 14.58 4.75E-04
 26.80 2.4675E-02 1.9125E-02 0.7751 223.3 1.938E+03 3.023E-02 299.6 14.58 4.82E-04
 26.90 2.4293E-02 1.8837E-02 0.7754 223.4 1.909E+03 2.976E-02 299.7 14.59 4.90E-04
 27.00 2.3917E-02 1.8554E-02 0.7758 223.5 1.880E+03 2.930E-02 299.7 14.59 4.98E-04
 27.10 2.3547E-02 1.8275E-02 0.7761 223.6 1.852E+03 2.885E-02 299.8 14.60 5.06E-04
 27.20 2.3183E-02 1.8000E-02 0.7765 223.7 1.824E+03 2.840E-02 299.9 14.60 5.14E-04
 27.30 2.2824E-02 1.7730E-02 0.7768 223.8 1.796E+03 2.796E-02 299.9 14.61 5.22E-04
 27.40 2.2472E-02 1.7464E-02 0.7771 223.9 1.770E+03 2.753E-02 300.0 14.61 5.31E-04
 27.50 2.2125E-02 1.7202E-02 0.7775 224.0 1.743E+03 2.710E-02 300.1 14.62 5.39E-04
 27.60 2.1783E-02 1.6944E-02 0.7778 224.1 1.717E+03 2.668E-02 300.1 14.62 5.48E-04
 27.70 2.1447E-02 1.6689E-02 0.7782 224.2 1.691E+03 2.627E-02 300.2 14.63 5.57E-04
 27.80 2.1116E-02 1.6439E-02 0.7785 224.3 1.666E+03 2.587E-02 300.3 14.63 5.66E-04
 27.90 2.0791E-02 1.6193E-02 0.7789 224.4 1.641E+03 2.547E-02 300.3 14.64 5.75E-04
 28.00 2.0470E-02 1.5951E-02 0.7792 224.5 1.616E+03 2.508E-02 300.4 14.65 5.84E-04
 28.10 2.0155E-02 1.5712E-02 0.7795 224.6 1.592E+03 2.469E-02 300.5 14.65 5.93E-04
 28.20 1.9845E-02 1.5477E-02 0.7799 224.7 1.568E+03 2.431E-02 300.5 14.66 6.03E-04
 28.30 1.9540E-02 1.5245E-02 0.7802 224.8 1.545E+03 2.394E-02 300.6 14.66 6.13E-04
 28.40 1.9239E-02 1.5018E-02 0.7806 224.9 1.522E+03 2.357E-02 300.7 14.67 6.22E-04
 28.50 1.8943E-02 1.4793E-02 0.7809 225.0 1.499E+03 2.321E-02 300.7 14.67 6.32E-04
 28.60 1.8652E-02 1.4572E-02 0.7813 225.1 1.477E+03 2.285E-02 300.8 14.68 6.42E-04
 28.70 1.8366E-02 1.4355E-02 0.7816 225.2 1.455E+03 2.250E-02 300.8 14.68 6.53E-04
 28.80 1.8084E-02 1.4141E-02 0.7820 225.3 1.433E+03 2.215E-02 300.9 14.69 6.63E-04
 28.90 1.7807E-02 1.3930E-02 0.7823 225.4 1.411E+03 2.181E-02 301.0 14.69 6.74E-04
 29.00 1.7533E-02 1.3722E-02 0.7826 225.5 1.390E+03 2.148E-02 301.0 14.70 6.84E-04
 29.10 1.7265E-02 1.3518E-02 0.7830 225.6 1.370E+03 2.115E-02 301.1 14.70 6.95E-04
 29.20 1.7000E-02 1.3317E-02 0.7833 225.7 1.349E+03 2.083E-02 301.2 14.71 7.06E-04
 29.30 1.6740E-02 1.3119E-02 0.7837 225.8 1.329E+03 2.051E-02 301.2 14.72 7.18E-04
 29.40 1.6484E-02 1.2923E-02 0.7840 225.9 1.309E+03 2.019E-02 301.3 14.72 7.29E-04
 29.50 1.6231E-02 1.2731E-02 0.7844 226.0 1.290E+03 1.988E-02 301.4 14.73 7.41E-04
 29.60 1.5983E-02 1.2542E-02 0.7847 226.1 1.271E+03 1.958E-02 301.4 14.73 7.52E-04
 29.70 1.5739E-02 1.2356E-02 0.7850 226.2 1.252E+03 1.928E-02 301.5 14.74 7.64E-04
 29.80 1.5498E-02 1.2172E-02 0.7854 226.3 1.233E+03 1.899E-02 301.6 14.74 7.76E-04
 29.90 1.5262E-02 1.1992E-02 0.7857 226.4 1.215E+03 1.870E-02 301.6 14.75 7.89E-04
 30.00 1.5029E-02 1.1814E-02 0.7861 226.5 1.197E+03 1.841E-02 301.7 14.75 8.01E-04
 30.10 1.4799E-02 1.1639E-02 0.7864 226.6 1.179E+03 1.813E-02 301.8 14.76 8.14E-04
 30.20 1.4574E-02 1.1466E-02 0.7868 226.7 1.162E+03 1.785E-02 301.8 14.76 8.27E-04
 30.30 1.4352E-02 1.1296E-02 0.7871 226.8 1.145E+03 1.758E-02 301.9 14.77 8.40E-04
 30.40 1.4133E-02 1.1129E-02 0.7875 226.9 1.128E+03 1.731E-02 302.0 14.77 8.53E-04
 30.50 1.3918E-02 1.0964E-02 0.7878 227.0 1.111E+03 1.705E-02 302.0 14.78 8.67E-04
 30.60 1.3706E-02 1.0802E-02 0.7881 227.1 1.095E+03 1.679E-02 302.1 14.78 8.81E-04
 30.70 1.3497E-02 1.0642E-02 0.7885 227.2 1.078E+03 1.653E-02 302.2 14.79 8.95E-04
 30.80 1.3292E-02 1.0485E-02 0.7888 227.3 1.062E+03 1.628E-02 302.2 14.80 9.09E-04
 30.90 1.3090E-02 1.0330E-02 0.7892 227.4 1.047E+03 1.604E-02 302.3 14.80 9.23E-04
 31.00 1.2891E-02 1.0178E-02 0.7895 227.5 1.031E+03 1.579E-02 302.4 14.81 9.38E-04
 31.10 1.2695E-02 1.0028E-02 0.7899 227.6 1.016E+03 1.555E-02 302.4 14.81 9.52E-04
 31.20 1.2503E-02 9.8796E-03 0.7902 227.7 1.001E+03 1.532E-02 302.5 14.82 9.67E-04
 31.30 1.2313E-02 9.7340E-03 0.7905 227.8 9.863E+02 1.508E-02 302.6 14.82 9.83E-04
 31.40 1.2126E-02 9.5905E-03 0.7909 227.9 9.718E+02 1.485E-02 302.6 14.83 9.98E-04
 31.50 1.1942E-02 9.4492E-03 0.7912 228.0 9.574E+02 1.463E-02 302.7 14.83 1.01E-03
 31.60 1.1761E-02 9.3101E-03 0.7916 228.1 9.433E+02 1.441E-02 302.8 14.84 1.03E-03
 31.70 1.1583E-02 9.1731E-03 0.7919 228.2 9.295E+02 1.419E-02 302.8 14.84 1.05E-03
 31.80 1.1408E-02 9.0382E-03 0.7923 228.3 9.158E+02 1.397E-02 302.9 14.85 1.06E-03
 31.90 1.1235E-02 8.9053E-03 0.7926 228.4 9.023E+02 1.376E-02 303.0 14.85 1.08E-03
 32.00 1.1065E-02 8.7744E-03 0.7930 228.5 8.891E+02 1.356E-02 303.0 14.86 1.10E-03
 32.10 1.0898E-02 8.6455E-03 0.7933 228.6 8.760E+02 1.335E-02 303.1 14.86 1.11E-03
 32.20 1.0730E-02 8.5186E-03 0.7939 228.8 8.631E+02 1.314E-02 303.2 14.87 1.13E-03
 32.30 1.0560E-02 8.3936E-03 0.7948 229.0 8.505E+02 1.294E-02 303.4 14.89 1.15E-03
 32.40 1.0393E-02 8.2707E-03 0.7958 229.3 8.380E+02 1.273E-02 303.6 14.90 1.17E-03
 32.50 1.0228E-02 8.1497E-03 0.7968 229.6 8.258E+02 1.253E-02 303.8 14.92 1.19E-03
 32.60 1.0067E-02 8.0306E-03 0.7977 229.9 8.137E+02 1.233E-02 303.9 14.93 1.21E-03
 32.70 9.9080E-03 7.9134E-03 0.7987 230.1 8.018E+02 1.214E-02 304.1 14.95 1.23E-03
 32.80 9.7518E-03 7.7980E-03 0.7996 230.4 7.901E+02 1.195E-02 304.3 14.96 1.25E-03
 32.90 9.5983E-03 7.6845E-03 0.8006 230.7 7.786E+02 1.176E-02 304.5 14.98 1.27E-03
 33.00 9.4474E-03 7.5728E-03 0.8016 231.0 7.673E+02 1.157E-02 304.7 14.99 1.30E-03
 33.10 9.2990E-03 7.4628E-03 0.8025 231.2 7.562E+02 1.139E-02 304.8 15.01 1.32E-03
 33.20 9.1532E-03 7.3545E-03 0.8035 231.5 7.452E+02 1.121E-02 305.0 15.02 1.34E-03
 33.30 9.0098E-03 7.2480E-03 0.8045 231.8 7.344E+02 1.104E-02 305.2 15.04 1.36E-03
 33.40 8.8688E-03 7.1431E-03 0.8054 232.1 7.238E+02 1.086E-02 305.4 15.05 1.39E-03
 33.50 8.7302E-03 7.0399E-03 0.8064 232.4 7.133E+02 1.069E-02 305.6 15.07 1.41E-03
 33.60 8.5939E-03 6.9382E-03 0.8073 232.6 7.030E+02 1.053E-02 305.8 15.08 1.43E-03
 33.70 8.4600E-03 6.8382E-03 0.8083 232.9 6.929E+02 1.036E-02 305.9 15.10 1.46E-03
 33.80 8.3282E-03 6.7397E-03 0.8093 233.2 6.829E+02 1.020E-02 306.1 15.11 1.48E-03
 33.90 8.1987E-03 6.6428E-03 0.8102 233.5 6.731E+02 1.004E-02 306.3 15.13 1.51E-03
 34.00 8.0714E-03 6.5474E-03 0.8112 233.7 6.634E+02 9.887E-03 306.5 15.14 1.53E-03
 34.10 7.9461E-03 6.4534E-03 0.8121 234.0 6.539E+02 9.734E-03 306.7 15.15 1.56E-03
 34.20 7.8230E-03 6.3610E-03 0.8131 234.3 6.445E+02 9.583E-03 306.9 15.17 1.58E-03
 34.30 7.7019E-03 6.2699E-03 0.8141 234.6 6.353E+02 9.435E-03 307.0 15.18 1.61E-03
 34.40 7.5829E-03 6.1803E-03 0.8150 234.9 6.262E+02 9.289E-03 307.2 15.20 1.64E-03
 34.50 7.4658E-03 6.0920E-03 0.8160 235.1 6.173E+02 9.146E-03 307.4 15.21 1.66E-03
 34.60 7.3506E-03 6.0051E-03 0.8170 235.4 6.085E+02 9.005E-03 307.6 15.23 1.69E-03
 34.70 7.2374E-03 5.9196E-03 0.8179 235.7 5.998E+02 8.866E-03 307.8 15.24 1.72E-03
 34.80 7.1261E-03 5.8354E-03 0.8189 236.0 5.913E+02 8.729E-03 307.9 15.26 1.75E-03
 34.90 7.0166E-03 5.7525E-03 0.8198 236.2 5.829E+02 8.595E-03 308.1 15.27 1.78E-03
 35.00 6.9089E-03 5.6708E-03 0.8208 236.5 5.746E+02 8.463E-03 308.3 15.29 1.81E-03
 35.10 6.8030E-03 5.5904E-03 0.8218 236.8 5.664E+02 8.334E-03 308.5 15.30 1.84E-03
 35.20 6.6988E-03 5.5113E-03 0.8227 237.1 5.584E+02 8.206E-03 308.7 15.32 1.87E-03
 35.30 6.5964E-03 5.4333E-03 0.8237 237.3 5.505E+02 8.081E-03 308.8 15.33 1.90E-03
 35.40 6.4956E-03 5.3566E-03 0.8246 237.6 5.428E+02 7.957E-03 309.0 15.35 1.93E-03
 35.50 6.3965E-03 5.2810E-03 0.8256 237.9 5.351E+02 7.836E-03 309.2 15.36 1.96E-03
 35.60 6.2990E-03 5.2066E-03 0.8266 238.2 5.276E+02 7.716E-03 309.4 15.37 1.99E-03
 35.70 6.2031E-03 5.1333E-03 0.8275 238.5 5.201E+02 7.599E-03 309.6 15.39 2.03E-03
 35.80 6.1088E-03 5.0611E-03 0.8285 238.7 5.128E+02 7.483E-03 309.7 15.40 2.06E-03
 35.90 6.0161E-03 4.9900E-03 0.8294 239.0 5.056E+02 7.370E-03 309.9 15.42 2.09E-03
 36.00 5.9248E-03 4.9200E-03 0.8304 239.3 4.985E+02 7.258E-03 310.1 15.43 2.13E-03
 36.10 5.8351E-03 4.8511E-03 0.8314 239.6 4.915E+02 7.148E-03 310.3 15.45 2.16E-03
 36.20 5.7468E-03 4.7832E-03 0.8323 239.8 4.847E+02 7.040E-03 310.5 15.46 2.20E-03
 36.30 5.6599E-03 4.7164E-03 0.8333 240.1 4.779E+02 6.933E-03 310.6 15.48 2.23E-03
 36.40 5.5745E-03 4.6505E-03 0.8343 240.4 4.712E+02 6.829E-03 310.8 15.49 2.27E-03
 36.50 5.4904E-03 4.5857E-03 0.8352 240.7 4.646E+02 6.726E-03 311.0 15.51 2.31E-03
 36.60 5.4078E-03 4.5218E-03 0.8362 240.9 4.582E+02 6.624E-03 311.2 15.52 2.34E-03
 36.70 5.3264E-03 4.4589E-03 0.8371 241.2 4.518E+02 6.525E-03 311.4 15.53 2.38E-03
 36.80 5.2464E-03 4.3970E-03 0.8381 241.5 4.455E+02 6.427E-03 311.5 15.55 2.42E-03
 36.90 5.1676E-03 4.3359E-03 0.8391 241.8 4.393E+02 6.330E-03 311.7 15.56 2.46E-03
 37.00 5.0902E-03 4.2758E-03 0.8400 242.1 4.332E+02 6.235E-03 311.9 15.58 2.50E-03
 37.10 5.0140E-03 4.2166E-03 0.8410 242.3 4.272E+02 6.142E-03 312.1 15.59 2.54E-03
 37.20 4.9390E-03 4.1583E-03 0.8419 242.6 4.213E+02 6.050E-03 312.2 15.61 2.58E-03
 37.30 4.8652E-03 4.1009E-03 0.8429 242.9 4.155E+02 5.960E-03 312.4 15.62 2.62E-03
 37.40 4.7926E-03 4.0443E-03 0.8439 243.2 4.098E+02 5.871E-03 312.6 15.64 2.66E-03
 37.50 4.7212E-03 3.9885E-03 0.8448 243.4 4.041E+02 5.783E-03 312.8 15.65 2.71E-03
 37.60 4.6509E-03 3.9336E-03 0.8458 243.7 3.986E+02 5.697E-03 313.0 15.67 2.75E-03
 37.70 4.5818E-03 3.8796E-03 0.8467 244.0 3.931E+02 5.613E-03 313.1 15.68 2.79E-03
 37.80 4.5137E-03 3.8263E-03 0.8477 244.3 3.877E+02 5.529E-03 313.3 15.69 2.84E-03
 37.90 4.4468E-03 3.7738E-03 0.8487 244.5 3.824E+02 5.447E-03 313.5 15.71 2.88E-03
 38.00 4.3809E-03 3.7221E-03 0.8496 244.8 3.771E+02 5.367E-03 313.7 15.72 2.93E-03
 38.10 4.3160E-03 3.6711E-03 0.8506 245.1 3.720E+02 5.287E-03 313.8 15.74 2.98E-03
 38.20 4.2522E-03 3.6209E-03 0.8515 245.4 3.669E+02 5.209E-03 314.0 15.75 3.02E-03
 38.30 4.1894E-03 3.5715E-03 0.8525 245.6 3.619E+02 5.132E-03 314.2 15.77 3.07E-03
 38.40 4.1276E-03 3.5228E-03 0.8535 245.9 3.569E+02 5.056E-03 314.4 15.78 3.12E-03
 38.50 4.0668E-03 3.4748E-03 0.8544 246.2 3.521E+02 4.982E-03 314.6 15.79 3.17E-03
 38.60 4.0070E-03 3.4275E-03 0.8554 246.5 3.473E+02 4.909E-03 314.7 15.81 3.22E-03
 38.70 3.9481E-03 3.3809E-03 0.8563 246.8 3.426E+02 4.836E-03 314.9 15.82 3.27E-03
 38.80 3.8901E-03 3.3350E-03 0.8573 247.0 3.379E+02 4.765E-03 315.1 15.84 3.32E-03
 38.90 3.8331E-03 3.2898E-03 0.8583 247.3 3.333E+02 4.696E-03 315.3 15.85 3.38E-03
 39.00 3.7769E-03 3.2452E-03 0.8592 247.6 3.288E+02 4.627E-03 315.4 15.87 3.43E-03
 39.10 3.7217E-03 3.2013E-03 0.8602 247.9 3.244E+02 4.559E-03 315.6 15.88 3.48E-03
 39.20 3.6673E-03 3.1580E-03 0.8611 248.1 3.200E+02 4.492E-03 315.8 15.90 3.54E-03
 39.30 3.6137E-03 3.1154E-03 0.8621 248.4 3.157E+02 4.427E-03 316.0 15.91 3.59E-03
 39.40 3.5611E-03 3.0734E-03 0.8631 248.7 3.114E+02 4.362E-03 316.1 15.92 3.65E-03
 39.50 3.5092E-03 3.0320E-03 0.8640 249.0 3.072E+02 4.299E-03 316.3 15.94 3.71E-03
 39.60 3.4581E-03 2.9912E-03 0.8650 249.2 3.031E+02 4.236E-03 316.5 15.95 3.77E-03
 39.70 3.4079E-03 2.9510E-03 0.8659 249.5 2.990E+02 4.175E-03 316.7 15.97 3.82E-03
 39.80 3.3584E-03 2.9114E-03 0.8669 249.8 2.950E+02 4.114E-03 316.8 15.98 3.88E-03
 39.90 3.3097E-03 2.8724E-03 0.8679 250.1 2.910E+02 4.054E-03 317.0 16.00 3.95E-03
 40.00 3.2618E-03 2.8339E-03 0.8688 250.3 2.871E+02 3.996E-03 317.2 16.01 4.01E-03
 40.10 3.2146E-03 2.7960E-03 0.8698 250.6 2.833E+02 3.938E-03 317.4 16.02 4.07E-03
 40.20 3.1681E-03 2.7586E-03 0.8707 250.9 2.795E+02 3.881E-03 317.5 16.04 4.13E-03
 40.30 3.1224E-03 2.7218E-03 0.8717 251.2 2.758E+02 3.825E-03 317.7 16.05 4.20E-03
 40.40 3.0774E-03 2.6855E-03 0.8727 251.5 2.721E+02 3.770E-03 317.9 16.07 4.26E-03
 40.50 3.0331E-03 2.6497E-03 0.8736 251.7 2.685E+02 3.716E-03 318.1 16.08 4.33E-03
 40.60 2.9894E-03 2.6145E-03 0.8746 252.0 2.649E+02 3.662E-03 318.2 16.09 4.39E-03
 40.70 2.9465E-03 2.5797E-03 0.8755 252.3 2.614E+02 3.609E-03 318.4 16.11 4.46E-03
 40.80 2.9042E-03 2.5455E-03 0.8765 252.6 2.579E+02 3.558E-03 318.6 16.12 4.53E-03
 40.90 2.8626E-03 2.5118E-03 0.8775 252.8 2.545E+02 3.507E-03 318.8 16.14 4.60E-03
 41.00 2.8216E-03 2.4785E-03 0.8784 253.1 2.511E+02 3.456E-03 318.9 16.15 4.67E-03
 41.10 2.7812E-03 2.4457E-03 0.8794 253.4 2.478E+02 3.407E-03 319.1 16.17 4.74E-03
 41.20 2.7415E-03 2.4134E-03 0.8803 253.7 2.445E+02 3.358E-03 319.3 16.18 4.82E-03
 41.30 2.7023E-03 2.3815E-03 0.8813 253.9 2.413E+02 3.310E-03 319.5 16.19 4.89E-03
 41.40 2.6638E-03 2.3501E-03 0.8822 254.2 2.381E+02 3.263E-03 319.6 16.21 4.97E-03
 41.50 2.6259E-03 2.3192E-03 0.8832 254.5 2.350E+02 3.217E-03 319.8 16.22 5.04E-03
 41.60 2.5885E-03 2.2887E-03 0.8842 254.8 2.319E+02 3.171E-03 320.0 16.24 5.12E-03
 41.70 2.5517E-03 2.2586E-03 0.8851 255.0 2.289E+02 3.126E-03 320.2 16.25 5.20E-03
 41.80 2.5155E-03 2.2289E-03 0.8861 255.3 2.258E+02 3.081E-03 320.3 16.26 5.28E-03
 41.90 2.4798E-03 2.1997E-03 0.8870 255.6 2.229E+02 3.038E-03 320.5 16.28 5.36E-03
 42.00 2.4447E-03 2.1709E-03 0.8880 255.9 2.200E+02 2.995E-03 320.7 16.29 5.44E-03
 42.10 2.4101E-03 2.1425E-03 0.8890 256.2 2.171E+02 2.952E-03 320.8 16.31 5.52E-03
 42.20 2.3761E-03 2.1145E-03 0.8899 256.4 2.143E+02 2.911E-03 321.0 16.32 5.61E-03
 42.30 2.3425E-03 2.0869E-03 0.8909 256.7 2.115E+02 2.870E-03 321.2 16.34 5.69E-03
 42.40 2.3095E-03 2.0597E-03 0.8918 257.0 2.087E+02 2.829E-03 321.4 16.35 5.78E-03
 42.50 2.2770E-03 2.0329E-03 0.8928 257.3 2.060E+02 2.789E-03 321.5 16.36 5.87E-03
 42.60 2.2449E-03 2.0064E-03 0.8938 257.5 2.033E+02 2.750E-03 321.7 16.38 5.96E-03
 42.70 2.2134E-03 1.9803E-03 0.8947 257.8 2.007E+02 2.711E-03 321.9 16.39 6.05E-03
 42.80 2.1823E-03 1.9546E-03 0.8957 258.1 1.981E+02 2.673E-03 322.1 16.41 6.14E-03
 42.90 2.1517E-03 1.9293E-03 0.8966 258.4 1.955E+02 2.636E-03 322.2 16.42 6.23E-03
 43.00 2.1215E-03 1.9043E-03 0.8976 258.6 1.930E+02 2.599E-03 322.4 16.43 6.32E-03
 43.10 2.0919E-03 1.8796E-03 0.8986 258.9 1.905E+02 2.563E-03 322.6 16.45 6.42E-03
 43.20 2.0626E-03 1.8553E-03 0.8995 259.2 1.880E+02 2.527E-03 322.7 16.46 6.51E-03
 43.30 2.0338E-03 1.8314E-03 0.9005 259.5 1.856E+02 2.491E-03 322.9 16.48 6.61E-03
 43.40 2.0055E-03 1.8078E-03 0.9014 259.7 1.832E+02 2.457E-03 323.1 16.49 6.71E-03
 43.50 1.9775E-03 1.7845E-03 0.9024 260.0 1.808E+02 2.422E-03 323.3 16.50 6.81E-03
 43.60 1.9500E-03 1.7615E-03 0.9033 260.3 1.785E+02 2.389E-03 323.4 16.52 6.91E-03
 43.70 1.9229E-03 1.7389E-03 0.9043 260.6 1.762E+02 2.356E-03 323.6 16.53 7.02E-03
 43.80 1.8962E-03 1.7165E-03 0.9053 260.9 1.739E+02 2.323E-03 323.8 16.55 7.12E-03
 43.90 1.8699E-03 1.6945E-03 0.9062 261.1 1.717E+02 2.291E-03 323.9 16.56 7.23E-03
 44.00 1.8440E-03 1.6728E-03 0.9072 261.4 1.695E+02 2.259E-03 324.1 16.57 7.34E-03
 44.10 1.8184E-03 1.6514E-03 0.9081 261.7 1.673E+02 2.228E-03 324.3 16.59 7.45E-03
 44.20 1.7933E-03 1.6303E-03 0.9091 262.0 1.652E+02 2.197E-03 324.5 16.60 7.56E-03
 44.30 1.7685E-03 1.6094E-03 0.9101 262.2 1.631E+02 2.166E-03 324.6 16.62 7.67E-03
 44.40 1.7441E-03 1.5889E-03 0.9110 262.5 1.610E+02 2.137E-03 324.8 16.63 7.78E-03
 44.50 1.7201E-03 1.5687E-03 0.9120 262.8 1.589E+02 2.107E-03 325.0 16.64 7.90E-03
 44.60 1.6964E-03 1.5487E-03 0.9129 263.1 1.569E+02 2.078E-03 325.1 16.66 8.02E-03
 44.70 1.6731E-03 1.5290E-03 0.9139 263.3 1.549E+02 2.050E-03 325.3 16.67 8.13E-03
 44.80 1.6501E-03 1.5096E-03 0.9148 263.6 1.530E+02 2.021E-03 325.5 16.68 8.25E-03
 44.90 1.6274E-03 1.4904E-03 0.9158 263.9 1.510E+02 1.994E-03 325.7 16.70 8.38E-03
 45.00 1.6051E-03 1.4715E-03 0.9168 264.2 1.491E+02 1.966E-03 325.8 16.71 8.50E-03
 45.10 1.5831E-03 1.4529E-03 0.9177 264.4 1.472E+02 1.939E-03 326.0 16.73 8.62E-03
 45.20 1.5615E-03 1.4345E-03 0.9187 264.7 1.454E+02 1.913E-03 326.2 16.74 8.75E-03
 45.30 1.5402E-03 1.4164E-03 0.9196 265.0 1.435E+02 1.887E-03 326.3 16.75 8.88E-03
 45.40 1.5191E-03 1.3985E-03 0.9206 265.3 1.417E+02 1.861E-03 326.5 16.77 9.01E-03
 45.50 1.4984E-03 1.3809E-03 0.9215 265.5 1.399E+02 1.836E-03 326.7 16.78 9.14E-03
 45.60 1.4780E-03 1.3635E-03 0.9225 265.8 1.382E+02 1.811E-03 326.8 16.80 9.28E-03
 45.70 1.4579E-03 1.3463E-03 0.9235 266.1 1.364E+02 1.786E-03 327.0 16.81 9.41E-03
 45.80 1.4381E-03 1.3294E-03 0.9244 266.4 1.347E+02 1.762E-03 327.2 16.82 9.55E-03
 45.90 1.4185E-03 1.3127E-03 0.9254 266.6 1.330E+02 1.738E-03 327.4 16.84 9.69E-03
 46.00 1.3993E-03 1.2962E-03 0.9263 266.9 1.313E+02 1.714E-03 327.5 16.85 9.83E-03
 46.10 1.3803E-03 1.2800E-03 0.9273 267.2 1.297E+02 1.691E-03 327.7 16.86 9.97E-03
 46.20 1.3617E-03 1.2640E-03 0.9283 267.5 1.281E+02 1.668E-03 327.9 16.88 1.01E-02
 46.30 1.3433E-03 1.2482E-03 0.9292 267.8 1.265E+02 1.645E-03 328.0 16.89 1.03E-02
 46.40 1.3251E-03 1.2326E-03 0.9302 268.0 1.249E+02 1.623E-03 328.2 16.91 1.04E-02
 46.50 1.3072E-03 1.2172E-03 0.9311 268.3 1.233E+02 1.601E-03 328.4 16.92 1.06E-02
 46.60 1.2896E-03 1.2020E-03 0.9321 268.6 1.218E+02 1.580E-03 328.5 16.93 1.07E-02
 46.70 1.2722E-03 1.1871E-03 0.9330 268.9 1.203E+02 1.559E-03 328.7 16.95 1.09E-02
 46.80 1.2551E-03 1.1723E-03 0.9340 269.1 1.188E+02 1.538E-03 328.9 16.96 1.10E-02
 46.90 1.2383E-03 1.1577E-03 0.9350 269.4 1.173E+02 1.517E-03 329.0 16.97 1.12E-02
 47.00 1.2217E-03 1.1434E-03 0.9359 269.7 1.159E+02 1.497E-03 329.2 16.99 1.14E-02
 47.10 1.2053E-03 1.1292E-03 0.9369 270.0 1.144E+02 1.476E-03 329.4 17.00 1.15E-02
 47.20 1.1891E-03 1.1152E-03 0.9378 270.2 1.130E+02 1.457E-03 329.5 17.02 1.17E-02
 47.30 1.1732E-03 1.1014E-03 0.9388 270.5 1.116E+02 1.437E-03 329.7 17.03 1.18E-02
 47.40 1.1581E-03 1.0878E-03 0.9393 270.6 1.102E+02 1.419E-03 329.8 17.04 1.20E-02
 47.50 1.1438E-03 1.0743E-03 0.9393 270.6 1.089E+02 1.401E-03 329.8 17.04 1.22E-02
 47.60 1.1297E-03 1.0611E-03 0.9393 270.6 1.075E+02 1.384E-03 329.8 17.04 1.23E-02
 47.70 1.1157E-03 1.0480E-03 0.9393 270.6 1.062E+02 1.367E-03 329.8 17.04 1.25E-02
 47.80 1.1019E-03 1.0350E-03 0.9393 270.6 1.049E+02 1.350E-03 329.8 17.04 1.26E-02
 47.90 1.0883E-03 1.0222E-03 0.9393 270.6 1.036E+02 1.333E-03 329.8 17.04 1.28E-02
 48.00 1.0749E-03 1.0096E-03 0.9393 270.6 1.023E+02 1.317E-03 329.8 17.04 1.29E-02
 48.10 1.0616E-03 9.9710E-04 0.9393 270.6 1.010E+02 1.300E-03 329.8 17.04 1.31E-02
 48.20 1.0485E-03 9.8478E-04 0.9393 270.6 9.978E+01 1.284E-03 329.8 17.04 1.33E-02
 48.30 1.0355E-03 9.7262E-04 0.9393 270.6 9.855E+01 1.268E-03 329.8 17.04 1.34E-02
 48.40 1.0227E-03 9.6060E-04 0.9393 270.6 9.733E+01 1.253E-03 329.8 17.04 1.36E-02
 48.50 1.0101E-03 9.4873E-04 0.9393 270.6 9.613E+01 1.237E-03 329.8 17.04 1.38E-02
 48.60 9.9759E-04 9.3701E-04 0.9393 270.6 9.494E+01 1.222E-03 329.8 17.04 1.39E-02
 48.70 9.8527E-04 9.2543E-04 0.9393 270.6 9.377E+01 1.207E-03 329.8 17.04 1.41E-02
 48.80 9.7310E-04 9.1400E-04 0.9393 270.6 9.261E+01 1.192E-03 329.8 17.04 1.43E-02
 48.90 9.6107E-04 9.0271E-04 0.9393 270.6 9.147E+01 1.177E-03 329.8 17.04 1.45E-02
 49.00 9.4920E-04 8.9155E-04 0.9393 270.6 9.034E+01 1.163E-03 329.8 17.04 1.47E-02
 49.10 9.3748E-04 8.8054E-04 0.9393 270.6 8.922E+01 1.148E-03 329.8 17.04 1.48E-02
 49.20 9.2590E-04 8.6966E-04 0.9393 270.6 8.812E+01 1.134E-03 329.8 17.04 1.50E-02
 49.30 9.1446E-04 8.5892E-04 0.9393 270.6 8.703E+01 1.120E-03 329.8 17.04 1.52E-02
 49.40 9.0316E-04 8.4831E-04 0.9393 270.6 8.596E+01 1.106E-03 329.8 17.04 1.54E-02
 49.50 8.9201E-04 8.3783E-04 0.9393 270.6 8.489E+01 1.093E-03 329.8 17.04 1.56E-02
 49.60 8.8099E-04 8.2749E-04 0.9393 270.6 8.385E+01 1.079E-03 329.8 17.04 1.58E-02
 49.70 8.7011E-04 8.1727E-04 0.9393 270.6 8.281E+01 1.066E-03 329.8 17.04 1.60E-02
 49.80 8.5936E-04 8.0717E-04 0.9393 270.6 8.179E+01 1.053E-03 329.8 17.04 1.62E-02
 49.90 8.4875E-04 7.9720E-04 0.9393 270.6 8.078E+01 1.040E-03 329.8 17.04 1.64E-02
 50.00 8.3827E-04 7.8736E-04 0.9393 270.6 7.978E+01 1.027E-03 329.8 17.04 1.66E-02
 50.10 8.2792E-04 7.7764E-04 0.9393 270.6 7.879E+01 1.014E-03 329.8 17.04 1.68E-02
 50.20 8.1769E-04 7.6803E-04 0.9393 270.6 7.782E+01 1.002E-03 329.8 17.04 1.70E-02
 50.30 8.0760E-04 7.5855E-04 0.9393 270.6 7.686E+01 9.893E-04 329.8 17.04 1.72E-02
 50.40 7.9762E-04 7.4918E-04 0.9393 270.6 7.591E+01 9.771E-04 329.8 17.04 1.74E-02
 50.50 7.8777E-04 7.3993E-04 0.9393 270.6 7.497E+01 9.650E-04 329.8 17.04 1.77E-02
 50.60 7.7805E-04 7.3079E-04 0.9393 270.6 7.405E+01 9.531E-04 329.8 17.04 1.79E-02
 50.70 7.6844E-04 7.2177E-04 0.9393 270.6 7.313E+01 9.413E-04 329.8 17.04 1.81E-02
 50.80 7.5895E-04 7.1286E-04 0.9393 270.6 7.223E+01 9.297E-04 329.8 17.04 1.83E-02
 50.90 7.4958E-04 7.0406E-04 0.9393 270.6 7.134E+01 9.182E-04 329.8 17.04 1.86E-02
 51.00 7.4033E-04 6.9537E-04 0.9393 270.6 7.046E+01 9.069E-04 329.8 17.04 1.88E-02
 51.10 7.3119E-04 6.8678E-04 0.9393 270.6 6.959E+01 8.957E-04 329.8 17.04 1.90E-02
 51.20 7.2216E-04 6.7830E-04 0.9393 270.6 6.873E+01 8.846E-04 329.8 17.04 1.93E-02
 51.30 7.1325E-04 6.6993E-04 0.9393 270.6 6.788E+01 8.737E-04 329.8 17.04 1.95E-02
 51.40 7.0444E-04 6.6166E-04 0.9393 270.6 6.704E+01 8.629E-04 329.8 17.04 1.97E-02
 51.50 6.9636E-04 6.5349E-04 0.9384 270.4 6.621E+01 8.530E-04 329.7 17.02 2.00E-02
 51.60 6.8846E-04 6.4541E-04 0.9375 270.1 6.540E+01 8.434E-04 329.5 17.01 2.02E-02
 51.70 6.8063E-04 6.3743E-04 0.9365 269.9 6.459E+01 8.338E-04 329.3 17.00 2.04E-02
 51.80 6.7289E-04 6.2953E-04 0.9356 269.6 6.379E+01 8.243E-04 329.1 16.98 2.06E-02
 51.90 6.6523E-04 6.2173E-04 0.9346 269.3 6.300E+01 8.149E-04 329.0 16.97 2.08E-02
 52.00 6.5765E-04 6.1401E-04 0.9337 269.0 6.221E+01 8.056E-04 328.8 16.96 2.10E-02
 52.10 6.5014E-04 6.0638E-04 0.9327 268.8 6.144E+01 7.964E-04 328.6 16.94 2.13E-02
 52.20 6.4272E-04 5.9884E-04 0.9317 268.5 6.068E+01 7.873E-04 328.5 16.93 2.15E-02
 52.30 6.3537E-04 5.9139E-04 0.9308 268.2 5.992E+01 7.783E-04 328.3 16.91 2.17E-02
 52.40 6.2810E-04 5.8402E-04 0.9298 267.9 5.918E+01 7.694E-04 328.1 16.90 2.20E-02
 52.50 6.2090E-04 5.7674E-04 0.9289 267.7 5.844E+01 7.606E-04 328.0 16.89 2.22E-02
 52.60 6.1379E-04 5.6954E-04 0.9279 267.4 5.771E+01 7.519E-04 327.8 16.87 2.24E-02
 52.70 6.0674E-04 5.6242E-04 0.9270 267.1 5.699E+01 7.433E-04 327.6 16.86 2.27E-02
 52.80 5.9977E-04 5.5539E-04 0.9260 266.8 5.627E+01 7.347E-04 327.5 16.85 2.29E-02
 52.90 5.9287E-04 5.4843E-04 0.9250 266.6 5.557E+01 7.263E-04 327.3 16.83 2.32E-02
 53.00 5.8605E-04 5.4156E-04 0.9241 266.3 5.487E+01 7.179E-04 327.1 16.82 2.34E-02
 53.10 5.7929E-04 5.3477E-04 0.9231 266.0 5.419E+01 7.096E-04 327.0 16.80 2.37E-02
 53.20 5.7261E-04 5.2805E-04 0.9222 265.7 5.350E+01 7.014E-04 326.8 16.79 2.39E-02
 53.30 5.6600E-04 5.2141E-04 0.9212 265.5 5.283E+01 6.934E-04 326.6 16.78 2.42E-02
 53.40 5.5946E-04 5.1485E-04 0.9203 265.2 5.217E+01 6.853E-04 326.4 16.76 2.45E-02
 53.50 5.5299E-04 5.0837E-04 0.9193 264.9 5.151E+01 6.774E-04 326.3 16.75 2.47E-02
 53.60 5.4658E-04 5.0196E-04 0.9184 264.6 5.086E+01 6.696E-04 326.1 16.74 2.50E-02
 53.70 5.4025E-04 4.9562E-04 0.9174 264.3 5.022E+01 6.618E-04 325.9 16.72 2.53E-02
 53.80 5.3398E-04 4.8936E-04 0.9164 264.1 4.958E+01 6.541E-04 325.8 16.71 2.55E-02
 53.90 5.2777E-04 4.8317E-04 0.9155 263.8 4.896E+01 6.465E-04 325.6 16.69 2.58E-02
 54.00 5.2164E-04 4.7706E-04 0.9145 263.5 4.834E+01 6.390E-04 325.4 16.68 2.61E-02
 54.10 5.1556E-04 4.7101E-04 0.9136 263.2 4.773E+01 6.316E-04 325.3 16.67 2.64E-02
 54.20 5.0956E-04 4.6504E-04 0.9126 263.0 4.712E+01 6.242E-04 325.1 16.65 2.67E-02
 54.30 5.0361E-04 4.5913E-04 0.9117 262.7 4.652E+01 6.169E-04 324.9 16.64 2.70E-02
 54.40 4.9774E-04 4.5329E-04 0.9107 262.4 4.593E+01 6.097E-04 324.7 16.62 2.73E-02
 54.50 4.9192E-04 4.4753E-04 0.9098 262.1 4.535E+01 6.026E-04 324.6 16.61 2.76E-02
 54.60 4.8616E-04 4.4183E-04 0.9088 261.9 4.477E+01 5.956E-04 324.4 16.60 2.79E-02
 54.70 4.8047E-04 4.3619E-04 0.9078 261.6 4.420E+01 5.886E-04 324.2 16.58 2.82E-02
 54.80 4.7484E-04 4.3063E-04 0.9069 261.3 4.363E+01 5.817E-04 324.1 16.57 2.85E-02
 54.90 4.6927E-04 4.2513E-04 0.9059 261.0 4.308E+01 5.749E-04 323.9 16.56 2.88E-02
 55.00 4.6375E-04 4.1969E-04 0.9050 260.8 4.253E+01 5.681E-04 323.7 16.54 2.91E-02
 55.10 4.5830E-04 4.1432E-04 0.9040 260.5 4.198E+01 5.614E-04 323.6 16.53 2.94E-02
 55.20 4.5291E-04 4.0901E-04 0.9031 260.2 4.144E+01 5.548E-04 323.4 16.51 2.98E-02
 55.30 4.4757E-04 4.0376E-04 0.9021 259.9 4.091E+01 5.483E-04 323.2 16.50 3.01E-02
 55.40 4.4229E-04 3.9858E-04 0.9012 259.7 4.039E+01 5.418E-04 323.0 16.49 3.04E-02
 55.50 4.3707E-04 3.9345E-04 0.9002 259.4 3.987E+01 5.354E-04 322.9 16.47 3.08E-02
 55.60 4.3191E-04 3.8839E-04 0.8993 259.1 3.935E+01 5.291E-04 322.7 16.46 3.11E-02
 55.70 4.2680E-04 3.8339E-04 0.8983 258.8 3.885E+01 5.228E-04 322.5 16.44 3.15E-02
 55.80 4.2174E-04 3.7845E-04 0.8973 258.6 3.835E+01 5.166E-04 322.4 16.43 3.18E-02
 55.90 4.1674E-04 3.7356E-04 0.8964 258.3 3.785E+01 5.105E-04 322.2 16.42 3.22E-02
 56.00 4.1180E-04 3.6874E-04 0.8954 258.0 3.736E+01 5.045E-04 322.0 16.40 3.25E-02
 56.10 4.0690E-04 3.6397E-04 0.8945 257.7 3.688E+01 4.985E-04 321.8 16.39 3.29E-02
 56.20 4.0207E-04 3.5926E-04 0.8935 257.5 3.640E+01 4.925E-04 321.7 16.37 3.32E-02
 56.30 3.9728E-04 3.5460E-04 0.8926 257.2 3.593E+01 4.867E-04 321.5 16.36 3.36E-02
 56.40 3.9255E-04 3.5000E-04 0.8916 256.9 3.546E+01 4.809E-04 321.3 16.35 3.40E-02
 56.50 3.8786E-04 3.4545E-04 0.8907 256.6 3.500E+01 4.751E-04 321.2 16.33 3.44E-02
 56.60 3.8323E-04 3.4096E-04 0.8897 256.4 3.455E+01 4.695E-04 321.0 16.32 3.48E-02
 56.70 3.7865E-04 3.3653E-04 0.8888 256.1 3.410E+01 4.638E-04 320.8 16.30 3.51E-02
 56.80 3.7412E-04 3.3214E-04 0.8878 255.8 3.365E+01 4.583E-04 320.6 16.29 3.55E-02
 56.90 3.6964E-04 3.2781E-04 0.8868 255.5 3.322E+01 4.528E-04 320.5 16.28 3.59E-02
 57.00 3.6521E-04 3.2353E-04 0.8859 255.3 3.278E+01 4.474E-04 320.3 16.26 3.63E-02
 57.10 3.6082E-04 3.1931E-04 0.8849 255.0 3.235E+01 4.420E-04 320.1 16.25 3.68E-02
 57.20 3.5649E-04 3.1513E-04 0.8840 254.7 3.193E+01 4.367E-04 319.9 16.23 3.72E-02
 57.30 3.5220E-04 3.1100E-04 0.8830 254.4 3.151E+01 4.314E-04 319.8 16.22 3.76E-02
 57.40 3.4796E-04 3.0693E-04 0.8821 254.2 3.110E+01 4.263E-04 319.6 16.21 3.80E-02
 57.50 3.4377E-04 3.0290E-04 0.8811 253.9 3.069E+01 4.211E-04 319.4 16.19 3.84E-02
 57.60 3.3962E-04 2.9892E-04 0.8802 253.6 3.029E+01 4.160E-04 319.3 16.18 3.89E-02
 57.70 3.3552E-04 2.9499E-04 0.8792 253.3 2.989E+01 4.110E-04 319.1 16.16 3.93E-02
 57.80 3.3146E-04 2.9111E-04 0.8783 253.1 2.950E+01 4.060E-04 318.9 16.15 3.98E-02
 57.90 3.2745E-04 2.8727E-04 0.8773 252.8 2.911E+01 4.011E-04 318.7 16.13 4.02E-02
 58.00 3.2348E-04 2.8348E-04 0.8763 252.5 2.872E+01 3.963E-04 318.6 16.12 4.07E-02
 58.10 3.1956E-04 2.7974E-04 0.8754 252.2 2.834E+01 3.915E-04 318.4 16.11 4.11E-02
 58.20 3.1568E-04 2.7604E-04 0.8744 252.0 2.797E+01 3.867E-04 318.2 16.09 4.16E-02
 58.30 3.1184E-04 2.7239E-04 0.8735 251.7 2.760E+01 3.820E-04 318.0 16.08 4.21E-02
 58.40 3.0805E-04 2.6878E-04 0.8725 251.4 2.723E+01 3.774E-04 317.9 16.06 4.26E-02
 58.50 3.0429E-04 2.6521E-04 0.8716 251.1 2.687E+01 3.728E-04 317.7 16.05 4.31E-02
 58.60 3.0058E-04 2.6169E-04 0.8706 250.9 2.652E+01 3.682E-04 317.5 16.04 4.36E-02
 58.70 2.9692E-04 2.5822E-04 0.8697 250.6 2.616E+01 3.637E-04 317.3 16.02 4.40E-02
 58.80 2.9329E-04 2.5478E-04 0.8687 250.3 2.582E+01 3.593E-04 317.2 16.01 4.46E-02
 58.90 2.8970E-04 2.5139E-04 0.8678 250.0 2.547E+01 3.549E-04 317.0 15.99 4.51E-02
 59.00 2.8615E-04 2.4804E-04 0.8668 249.8 2.513E+01 3.505E-04 316.8 15.98 4.56E-02
 59.10 2.8265E-04 2.4473E-04 0.8658 249.5 2.480E+01 3.462E-04 316.6 15.97 4.61E-02
 59.20 2.7918E-04 2.4146E-04 0.8649 249.2 2.447E+01 3.420E-04 316.5 15.95 4.66E-02
 59.30 2.7575E-04 2.3823E-04 0.8639 248.9 2.414E+01 3.378E-04 316.3 15.94 4.72E-02
 59.40 2.7236E-04 2.3504E-04 0.8630 248.7 2.382E+01 3.336E-04 316.1 15.92 4.77E-02
 59.50 2.6900E-04 2.3189E-04 0.8620 248.4 2.350E+01 3.295E-04 315.9 15.91 4.83E-02
 59.60 2.6569E-04 2.2878E-04 0.8611 248.1 2.318E+01 3.255E-04 315.8 15.89 4.88E-02
 59.70 2.6241E-04 2.2571E-04 0.8601 247.8 2.287E+01 3.215E-04 315.6 15.88 4.94E-02
 59.80 2.5917E-04 2.2267E-04 0.8592 247.6 2.256E+01 3.175E-04 315.4 15.87 5.00E-02
 59.90 2.5597E-04 2.1968E-04 0.8582 247.3 2.226E+01 3.136E-04 315.2 15.85 5.06E-02
 60.00 2.5280E-04 2.1672E-04 0.8573 247.0 2.196E+01 3.097E-04 315.1 15.84 5.11E-02
 60.10 2.4967E-04 2.1379E-04 0.8563 246.7 2.166E+01 3.058E-04 314.9 15.82 5.17E-02
 60.20 2.4657E-04 2.1091E-04 0.8554 246.5 2.137E+01 3.020E-04 314.7 15.81 5.23E-02
 60.30 2.4351E-04 2.0805E-04 0.8544 246.2 2.108E+01 2.983E-04 314.5 15.79 5.29E-02
 60.40 2.4048E-04 2.0524E-04 0.8535 245.9 2.080E+01 2.946E-04 314.4 15.78 5.36E-02
 60.50 2.3749E-04 2.0246E-04 0.8525 245.6 2.051E+01 2.909E-04 314.2 15.77 5.42E-02
 60.60 2.3453E-04 1.9971E-04 0.8515 245.4 2.024E+01 2.873E-04 314.0 15.75 5.48E-02
 60.70 2.3161E-04 1.9700E-04 0.8506 245.1 1.996E+01 2.837E-04 313.8 15.74 5.55E-02
 60.80 2.2871E-04 1.9432E-04 0.8496 244.8 1.969E+01 2.802E-04 313.7 15.72 5.61E-02
 60.90 2.2586E-04 1.9168E-04 0.8487 244.5 1.942E+01 2.767E-04 313.5 15.71 5.68E-02
 61.00 2.2303E-04 1.8907E-04 0.8477 244.3 1.916E+01 2.732E-04 313.3 15.69 5.74E-02
 61.10 2.2024E-04 1.8649E-04 0.8468 244.0 1.890E+01 2.698E-04 313.1 15.68 5.81E-02
 61.20 2.1748E-04 1.8395E-04 0.8458 243.7 1.864E+01 2.664E-04 313.0 15.67 5.88E-02
 61.30 2.1475E-04 1.8143E-04 0.8449 243.4 1.838E+01 2.631E-04 312.8 15.65 5.95E-02
 61.40 2.1205E-04 1.7895E-04 0.8439 243.2 1.813E+01 2.598E-04 312.6 15.64 6.02E-02
 61.50 2.0938E-04 1.7650E-04 0.8430 242.9 1.788E+01 2.565E-04 312.4 15.62 6.09E-02
 61.60 2.0674E-04 1.7408E-04 0.8420 242.6 1.764E+01 2.533E-04 312.3 15.61 6.16E-02
 61.70 2.0414E-04 1.7169E-04 0.8411 242.4 1.740E+01 2.501E-04 312.1 15.59 6.24E-02
 61.80 2.0156E-04 1.6933E-04 0.8401 242.1 1.716E+01 2.469E-04 311.9 15.58 6.31E-02
 61.90 1.9902E-04 1.6700E-04 0.8392 241.8 1.692E+01 2.438E-04 311.7 15.57 6.38E-02
 62.00 1.9650E-04 1.6470E-04 0.8382 241.5 1.669E+01 2.407E-04 311.5 15.55 6.46E-02
 62.10 1.9401E-04 1.6243E-04 0.8372 241.3 1.646E+01 2.377E-04 311.4 15.54 6.54E-02
 62.20 1.9155E-04 1.6019E-04 0.8363 241.0 1.623E+01 2.346E-04 311.2 15.52 6.61E-02
 62.30 1.8912E-04 1.5798E-04 0.8353 240.7 1.601E+01 2.317E-04 311.0 15.51 6.69E-02
 62.40 1.8672E-04 1.5579E-04 0.8344 240.4 1.579E+01 2.287E-04 310.8 15.49 6.77E-02
 62.50 1.8434E-04 1.5364E-04 0.8334 240.2 1.557E+01 2.258E-04 310.7 15.48 6.85E-02
 62.60 1.8200E-04 1.5151E-04 0.8325 239.9 1.535E+01 2.229E-04 310.5 15.46 6.94E-02
 62.70 1.7968E-04 1.4941E-04 0.8315 239.6 1.514E+01 2.201E-04 310.3 15.45 7.02E-02
 62.80 1.7738E-04 1.4733E-04 0.8306 239.3 1.493E+01 2.173E-04 310.1 15.44 7.10E-02
 62.90 1.7512E-04 1.4528E-04 0.8296 239.1 1.472E+01 2.145E-04 310.0 15.42 7.19E-02
 63.00 1.7288E-04 1.4326E-04 0.8287 238.8 1.452E+01 2.118E-04 309.8 15.41 7.27E-02
 63.10 1.7066E-04 1.4126E-04 0.8277 238.5 1.431E+01 2.091E-04 309.6 15.39 7.36E-02
 63.20 1.6848E-04 1.3929E-04 0.8268 238.2 1.411E+01 2.064E-04 309.4 15.38 7.45E-02
 63.30 1.6632E-04 1.3735E-04 0.8258 238.0 1.392E+01 2.037E-04 309.2 15.36 7.54E-02
 63.40 1.6418E-04 1.3542E-04 0.8249 237.7 1.372E+01 2.011E-04 309.1 15.35 7.63E-02
 63.50 1.6207E-04 1.3353E-04 0.8239 237.4 1.353E+01 1.985E-04 308.9 15.33 7.72E-02
 63.60 1.5998E-04 1.3166E-04 0.8230 237.1 1.334E+01 1.960E-04 308.7 15.32 7.82E-02
 63.70 1.5792E-04 1.2981E-04 0.8220 236.9 1.315E+01 1.935E-04 308.5 15.31 7.91E-02
 63.80 1.5588E-04 1.2799E-04 0.8210 236.6 1.297E+01 1.910E-04 308.3 15.29 8.01E-02
 63.90 1.5387E-04 1.2619E-04 0.8201 236.3 1.279E+01 1.885E-04 308.2 15.28 8.10E-02
 64.00 1.5188E-04 1.2441E-04 0.8191 236.0 1.261E+01 1.861E-04 308.0 15.26 8.20E-02
 64.10 1.4991E-04 1.2266E-04 0.8182 235.8 1.243E+01 1.836E-04 307.8 15.25 8.30E-02
 64.20 1.4797E-04 1.2093E-04 0.8172 235.5 1.225E+01 1.813E-04 307.6 15.23 8.40E-02
 64.30 1.4605E-04 1.1922E-04 0.8163 235.2 1.208E+01 1.789E-04 307.5 15.22 8.51E-02
 64.40 1.4415E-04 1.1753E-04 0.8153 234.9 1.191E+01 1.766E-04 307.3 15.20 8.61E-02
 64.50 1.4228E-04 1.1587E-04 0.8144 234.7 1.174E+01 1.743E-04 307.1 15.19 8.71E-02
 64.60 1.4042E-04 1.1423E-04 0.8134 234.4 1.157E+01 1.720E-04 306.9 15.17 8.82E-02
 64.70 1.3859E-04 1.1260E-04 0.8125 234.1 1.141E+01 1.698E-04 306.7 15.16 8.93E-02
 64.80 1.3679E-04 1.1100E-04 0.8115 233.8 1.125E+01 1.676E-04 306.6 15.15 9.04E-02
 64.90 1.3500E-04 1.0943E-04 0.8106 233.6 1.109E+01 1.654E-04 306.4 15.13 9.15E-02
 65.00 1.3323E-04 1.0787E-04 0.8096 233.3 1.093E+01 1.632E-04 306.2 15.12 9.26E-02
 65.10 1.3149E-04 1.0633E-04 0.8087 233.0 1.077E+01 1.611E-04 306.0 15.10 9.38E-02
 65.20 1.2976E-04 1.0481E-04 0.8077 232.7 1.062E+01 1.590E-04 305.8 15.09 9.49E-02
 65.30 1.2806E-04 1.0332E-04 0.8068 232.5 1.047E+01 1.569E-04 305.7 15.07 9.61E-02
 65.40 1.2638E-04 1.0184E-04 0.8058 232.2 1.032E+01 1.548E-04 305.5 15.06 9.73E-02
 65.50 1.2472E-04 1.0038E-04 0.8049 231.9 1.017E+01 1.528E-04 305.3 15.04 9.85E-02
 65.60 1.2307E-04 9.8940E-05 0.8039 231.6 1.003E+01 1.508E-04 305.1 15.03 9.97E-02
 65.70 1.2145E-04 9.7520E-05 0.8030 231.4 9.881E+00 1.488E-04 304.9 15.01 1.01E-01
 65.80 1.1985E-04 9.6119E-05 0.8020 231.1 9.739E+00 1.468E-04 304.7 15.00 1.02E-01
 65.90 1.1826E-04 9.4736E-05 0.8011 230.8 9.599E+00 1.449E-04 304.6 14.98 1.03E-01
 66.00 1.1670E-04 9.3372E-05 0.8001 230.5 9.461E+00 1.430E-04 304.4 14.97 1.05E-01
 66.10 1.1515E-04 9.2026E-05 0.7991 230.3 9.324E+00 1.411E-04 304.2 14.96 1.06E-01
 66.20 1.1363E-04 9.0697E-05 0.7982 230.0 9.190E+00 1.392E-04 304.0 14.94 1.07E-01
 66.30 1.1212E-04 8.9386E-05 0.7972 229.7 9.057E+00 1.373E-04 303.8 14.93 1.09E-01
 66.40 1.1063E-04 8.8093E-05 0.7963 229.5 8.926E+00 1.355E-04 303.7 14.91 1.10E-01
 66.50 1.0916E-04 8.6817E-05 0.7953 229.2 8.797E+00 1.337E-04 303.5 14.90 1.11E-01
 66.60 1.0770E-04 8.5558E-05 0.7944 228.9 8.669E+00 1.319E-04 303.3 14.88 1.13E-01
 66.70 1.0627E-04 8.4316E-05 0.7934 228.6 8.543E+00 1.302E-04 303.1 14.87 1.14E-01
 66.80 1.0485E-04 8.3090E-05 0.7925 228.4 8.419E+00 1.284E-04 302.9 14.85 1.16E-01
 66.90 1.0345E-04 8.1881E-05 0.7915 228.1 8.297E+00 1.267E-04 302.8 14.84 1.17E-01
 67.00 1.0206E-04 8.0688E-05 0.7906 227.8 8.176E+00 1.250E-04 302.6 14.82 1.19E-01
 67.10 1.0069E-04 7.9511E-05 0.7896 227.5 8.056E+00 1.233E-04 302.4 14.81 1.20E-01
 67.20 9.9343E-05 7.8350E-05 0.7887 227.3 7.939E+00 1.217E-04 302.2 14.79 1.22E-01
 67.30 9.8009E-05 7.7204E-05 0.7877 227.0 7.823E+00 1.201E-04 302.0 14.78 1.23E-01
 67.40 9.6691E-05 7.6074E-05 0.7868 226.7 7.708E+00 1.184E-04 301.8 14.76 1.25E-01
 67.50 9.5389E-05 7.4959E-05 0.7858 226.4 7.595E+00 1.169E-04 301.7 14.75 1.26E-01
 67.60 9.4104E-05 7.3860E-05 0.7849 226.2 7.484E+00 1.153E-04 301.5 14.73 1.28E-01
 67.70 9.2834E-05 7.2775E-05 0.7839 225.9 7.374E+00 1.137E-04 301.3 14.72 1.29E-01
 67.80 9.1580E-05 7.1704E-05 0.7830 225.6 7.265E+00 1.122E-04 301.1 14.70 1.31E-01
 67.90 9.0341E-05 7.0649E-05 0.7820 225.3 7.158E+00 1.107E-04 300.9 14.69 1.33E-01
 68.00 8.9118E-05 6.9607E-05 0.7811 225.1 7.053E+00 1.092E-04 300.7 14.67 1.34E-01
 68.10 8.7910E-05 6.8580E-05 0.7801 224.8 6.949E+00 1.077E-04 300.6 14.66 1.36E-01
 68.20 8.6716E-05 6.7567E-05 0.7792 224.5 6.846E+00 1.062E-04 300.4 14.65 1.38E-01
 68.30 8.5538E-05 6.6567E-05 0.7782 224.2 6.745E+00 1.048E-04 300.2 14.63 1.40E-01
 68.40 8.4374E-05 6.5581E-05 0.7773 224.0 6.645E+00 1.034E-04 300.0 14.62 1.41E-01
 68.50 8.3225E-05 6.4609E-05 0.7763 223.7 6.546E+00 1.020E-04 299.8 14.60 1.43E-01
 68.60 8.2090E-05 6.3650E-05 0.7754 223.4 6.449E+00 1.006E-04 299.6 14.59 1.45E-01
 68.70 8.0969E-05 6.2703E-05 0.7744 223.1 6.353E+00 9.919E-05 299.5 14.57 1.47E-01
 68.80 7.9862E-05 6.1770E-05 0.7735 222.9 6.259E+00 9.783E-05 299.3 14.56 1.49E-01
 68.90 7.8769E-05 6.0850E-05 0.7725 222.6 6.166E+00 9.649E-05 299.1 14.54 1.51E-01
 69.00 7.7690E-05 5.9942E-05 0.7716 222.3 6.074E+00 9.517E-05 298.9 14.53 1.53E-01
 69.10 7.6624E-05 5.9047E-05 0.7706 222.1 5.983E+00 9.386E-05 298.7 14.51 1.55E-01
 69.20 7.5572E-05 5.8164E-05 0.7697 221.8 5.893E+00 9.258E-05 298.5 14.50 1.57E-01
 69.30 7.4532E-05 5.7294E-05 0.7687 221.5 5.805E+00 9.130E-05 298.4 14.48 1.59E-01
 69.40 7.3506E-05 5.6435E-05 0.7678 221.2 5.718E+00 9.005E-05 298.2 14.47 1.61E-01
 69.50 7.2493E-05 5.5588E-05 0.7668 221.0 5.632E+00 8.880E-05 298.0 14.45 1.63E-01
 69.60 7.1492E-05 5.4753E-05 0.7659 220.7 5.548E+00 8.758E-05 297.8 14.44 1.65E-01
 69.70 7.0505E-05 5.3929E-05 0.7649 220.4 5.464E+00 8.637E-05 297.6 14.42 1.67E-01
 69.80 6.9529E-05 5.3117E-05 0.7640 220.1 5.382E+00 8.517E-05 297.4 14.41 1.69E-01
 69.90 6.8566E-05 5.2316E-05 0.7630 219.9 5.301E+00 8.399E-05 297.2 14.39 1.71E-01
 70.00 6.7615E-05 5.1526E-05 0.7621 219.6 5.221E+00 8.283E-05 297.1 14.38 1.74E-01
 70.10 6.6676E-05 5.0747E-05 0.7611 219.3 5.142E+00 8.168E-05 296.9 14.36 1.76E-01
 70.20 6.5750E-05 4.9979E-05 0.7601 219.0 5.064E+00 8.054E-05 296.7 14.35 1.78E-01
 70.30 6.4834E-05 4.9222E-05 0.7592 218.8 4.987E+00 7.942E-05 296.5 14.33 1.80E-01
 70.40 6.3931E-05 4.8476E-05 0.7582 218.5 4.912E+00 7.832E-05 296.3 14.32 1.83E-01
 70.50 6.3039E-05 4.7739E-05 0.7573 218.2 4.837E+00 7.722E-05 296.1 14.30 1.85E-01
 70.60 6.2158E-05 4.7013E-05 0.7563 217.9 4.764E+00 7.614E-05 295.9 14.29 1.88E-01
 70.70 6.1289E-05 4.6297E-05 0.7554 217.7 4.691E+00 7.508E-05 295.8 14.27 1.90E-01
 70.80 6.0431E-05 4.5592E-05 0.7544 217.4 4.620E+00 7.403E-05 295.6 14.26 1.93E-01
 70.90 5.9584E-05 4.4896E-05 0.7535 217.1 4.549E+00 7.299E-05 295.4 14.24 1.95E-01
 71.00 5.8747E-05 4.4210E-05 0.7525 216.8 4.480E+00 7.197E-05 295.2 14.23 1.98E-01
 71.10 5.7921E-05 4.3533E-05 0.7516 216.6 4.411E+00 7.095E-05 295.0 14.21 2.00E-01
 71.20 5.7106E-05 4.2867E-05 0.7506 216.3 4.343E+00 6.996E-05 294.8 14.20 2.03E-01
 71.30 5.6302E-05 4.2209E-05 0.7497 216.0 4.277E+00 6.897E-05 294.6 14.18 2.06E-01
 71.40 5.5508E-05 4.1561E-05 0.7487 215.8 4.211E+00 6.800E-05 294.5 14.17 2.08E-01
 71.50 5.4724E-05 4.0922E-05 0.7478 215.5 4.146E+00 6.704E-05 294.3 14.15 2.11E-01
 71.60 5.3950E-05 4.0292E-05 0.7468 215.2 4.083E+00 6.609E-05 294.1 14.14 2.14E-01
 71.70 5.3186E-05 3.9671E-05 0.7459 214.9 4.020E+00 6.515E-05 293.9 14.12 2.17E-01
 71.80 5.2432E-05 3.9059E-05 0.7449 214.7 3.958E+00 6.423E-05 293.7 14.11 2.20E-01
 71.90 5.1669E-05 3.8455E-05 0.7443 214.5 3.896E+00 6.330E-05 293.6 14.10 2.23E-01
 72.00 5.0917E-05 3.7861E-05 0.7436 214.3 3.836E+00 6.237E-05 293.4 14.08 2.26E-01
 72.10 5.0175E-05 3.7275E-05 0.7429 214.1 3.777E+00 6.146E-05 293.3 14.07 2.29E-01
 72.20 4.9443E-05 3.6698E-05 0.7422 213.9 3.718E+00 6.057E-05 293.2 14.06 2.32E-01
 72.30 4.8721E-05 3.6129E-05 0.7415 213.7 3.661E+00 5.968E-05 293.0 14.05 2.35E-01
 72.40 4.8009E-05 3.5568E-05 0.7409 213.5 3.604E+00 5.881E-05 292.9 14.04 2.39E-01
 72.50 4.7307E-05 3.5016E-05 0.7402 213.3 3.548E+00 5.795E-05 292.8 14.03 2.42E-01
 72.60 4.6614E-05 3.4471E-05 0.7395 213.1 3.493E+00 5.710E-05 292.6 14.02 2.46E-01
 72.70 4.5931E-05 3.3935E-05 0.7388 212.9 3.438E+00 5.627E-05 292.5 14.01 2.49E-01
 72.80 4.5257E-05 3.3407E-05 0.7382 212.7 3.385E+00 5.544E-05 292.4 14.00 2.52E-01
 72.90 4.4593E-05 3.2886E-05 0.7375 212.5 3.332E+00 5.463E-05 292.2 13.99 2.56E-01
 73.00 4.3938E-05 3.2373E-05 0.7368 212.3 3.280E+00 5.382E-05 292.1 13.98 2.60E-01
 73.10 4.3292E-05 3.1868E-05 0.7361 212.1 3.229E+00 5.303E-05 292.0 13.97 2.63E-01
 73.20 4.2655E-05 3.1370E-05 0.7354 211.9 3.179E+00 5.225E-05 291.8 13.95 2.67E-01
 73.30 4.2026E-05 3.0879E-05 0.7348 211.7 3.129E+00 5.148E-05 291.7 13.94 2.71E-01
 73.40 4.1407E-05 3.0396E-05 0.7341 211.5 3.080E+00 5.072E-05 291.6 13.93 2.75E-01
 73.50 4.0796E-05 2.9920E-05 0.7334 211.3 3.032E+00 4.997E-05 291.4 13.92 2.79E-01
 73.60 4.0193E-05 2.9451E-05 0.7327 211.1 2.984E+00 4.924E-05 291.3 13.91 2.83E-01
 73.70 3.9599E-05 2.8988E-05 0.7320 210.9 2.937E+00 4.851E-05 291.2 13.90 2.87E-01
 73.80 3.9013E-05 2.8533E-05 0.7314 210.7 2.891E+00 4.779E-05 291.0 13.89 2.91E-01
 73.90 3.8435E-05 2.8084E-05 0.7307 210.5 2.846E+00 4.708E-05 290.9 13.88 2.95E-01
 74.00 3.7866E-05 2.7642E-05 0.7300 210.4 2.801E+00 4.639E-05 290.7 13.87 2.99E-01
 74.10 3.7304E-05 2.7207E-05 0.7293 210.2 2.757E+00 4.570E-05 290.6 13.86 3.03E-01
 74.20 3.6750E-05 2.6778E-05 0.7287 210.0 2.713E+00 4.502E-05 290.5 13.85 3.08E-01
 74.30 3.6204E-05 2.6355E-05 0.7280 209.8 2.670E+00 4.435E-05 290.3 13.84 3.12E-01
 74.40 3.5665E-05 2.5939E-05 0.7273 209.6 2.628E+00 4.369E-05 290.2 13.82 3.16E-01
 74.50 3.5134E-05 2.5529E-05 0.7266 209.4 2.587E+00 4.304E-05 290.1 13.81 3.21E-01
 74.60 3.4611E-05 2.5125E-05 0.7259 209.2 2.546E+00 4.240E-05 289.9 13.80 3.26E-01
 74.70 3.4094E-05 2.4727E-05 0.7253 209.0 2.506E+00 4.177E-05 289.8 13.79 3.30E-01
 74.80 3.3585E-05 2.4335E-05 0.7246 208.8 2.466E+00 4.114E-05 289.7 13.78 3.35E-01
 74.90 3.3083E-05 2.3949E-05 0.7239 208.6 2.427E+00 4.053E-05 289.5 13.77 3.40E-01
 75.00 3.2589E-05 2.3569E-05 0.7232 208.4 2.388E+00 3.992E-05 289.4 13.76 3.45E-01
 75.10 3.2101E-05 2.3195E-05 0.7226 208.2 2.350E+00 3.932E-05 289.3 13.75 3.50E-01
 75.20 3.1620E-05 2.2826E-05 0.7219 208.0 2.313E+00 3.873E-05 289.1 13.74 3.55E-01
 75.30 3.1146E-05 2.2462E-05 0.7212 207.8 2.276E+00 3.815E-05 289.0 13.73 3.60E-01
 75.40 3.0678E-05 2.2104E-05 0.7205 207.6 2.240E+00 3.758E-05 288.9 13.72 3.65E-01
 75.50 3.0217E-05 2.1752E-05 0.7198 207.4 2.204E+00 3.702E-05 288.7 13.70 3.70E-01
 75.60 2.9763E-05 2.1404E-05 0.7192 207.2 2.169E+00 3.646E-05 288.6 13.69 3.76E-01
 75.70 2.9315E-05 2.1062E-05 0.7185 207.0 2.134E+00 3.591E-05 288.4 13.68 3.81E-01
 75.80 2.8873E-05 2.0726E-05 0.7178 206.8 2.100E+00 3.537E-05 288.3 13.67 3.87E-01
 75.90 2.8438E-05 2.0394E-05 0.7171 206.6 2.066E+00 3.484E-05 288.2 13.66 3.92E-01
 76.00 2.8009E-05 2.0067E-05 0.7165 206.4 2.033E+00 3.431E-05 288.0 13.65 3.98E-01
 76.10 2.7586E-05 1.9745E-05 0.7158 206.3 2.001E+00 3.379E-05 287.9 13.64 4.04E-01
 76.20 2.7169E-05 1.9428E-05 0.7151 206.1 1.969E+00 3.328E-05 287.8 13.63 4.09E-01
 76.30 2.6758E-05 1.9116E-05 0.7144 205.9 1.937E+00 3.278E-05 287.6 13.62 4.15E-01
 76.40 2.6352E-05 1.8809E-05 0.7137 205.7 1.906E+00 3.228E-05 287.5 13.61 4.21E-01
 76.50 2.5953E-05 1.8506E-05 0.7131 205.5 1.875E+00 3.179E-05 287.4 13.59 4.28E-01
 76.60 2.5559E-05 1.8208E-05 0.7124 205.3 1.845E+00 3.131E-05 287.2 13.58 4.34E-01
 76.70 2.5171E-05 1.7914E-05 0.7117 205.1 1.815E+00 3.083E-05 287.1 13.57 4.40E-01
 76.80 2.4788E-05 1.7625E-05 0.7110 204.9 1.786E+00 3.037E-05 286.9 13.56 4.47E-01
 76.90 2.4411E-05 1.7340E-05 0.7104 204.7 1.757E+00 2.990E-05 286.8 13.55 4.53E-01
 77.00 2.4039E-05 1.7060E-05 0.7097 204.5 1.729E+00 2.945E-05 286.7 13.54 4.60E-01
 77.10 2.3673E-05 1.6784E-05 0.7090 204.3 1.701E+00 2.900E-05 286.5 13.53 4.67E-01
 77.20 2.3312E-05 1.6512E-05 0.7083 204.1 1.673E+00 2.856E-05 286.4 13.52 4.73E-01
 77.30 2.2956E-05 1.6244E-05 0.7076 203.9 1.646E+00 2.812E-05 286.3 13.51 4.80E-01
 77.40 2.2605E-05 1.5981E-05 0.7070 203.7 1.619E+00 2.769E-05 286.1 13.50 4.87E-01
 77.50 2.2259E-05 1.5721E-05 0.7063 203.5 1.593E+00 2.727E-05 286.0 13.48 4.95E-01
 77.60 2.1918E-05 1.5466E-05 0.7056 203.3 1.567E+00 2.685E-05 285.8 13.47 5.02E-01
 77.70 2.1582E-05 1.5214E-05 0.7049 203.1 1.542E+00 2.644E-05 285.7 13.46 5.09E-01
 77.80 2.1251E-05 1.4966E-05 0.7043 202.9 1.516E+00 2.603E-05 285.6 13.45 5.17E-01
 77.90 2.0925E-05 1.4722E-05 0.7036 202.7 1.492E+00 2.563E-05 285.4 13.44 5.24E-01
 78.00 2.0603E-05 1.4482E-05 0.7029 202.5 1.467E+00 2.524E-05 285.3 13.43 5.32E-01
 78.10 2.0286E-05 1.4245E-05 0.7022 202.3 1.443E+00 2.485E-05 285.2 13.42 5.40E-01
 78.20 1.9974E-05 1.4012E-05 0.7015 202.2 1.420E+00 2.447E-05 285.0 13.41 5.48E-01
 78.30 1.9666E-05 1.3783E-05 0.7009 202.0 1.397E+00 2.409E-05 284.9 13.40 5.56E-01
 78.40 1.9362E-05 1.3557E-05 0.7002 201.8 1.374E+00 2.372E-05 284.7 13.39 5.64E-01
 78.50 1.9063E-05 1.3335E-05 0.6995 201.6 1.351E+00 2.335E-05 284.6 13.37 5.73E-01
 78.60 1.8769E-05 1.3116E-05 0.6988 201.4 1.329E+00 2.299E-05 284.5 13.36 5.81E-01
 78.70 1.8478E-05 1.2901E-05 0.6982 201.2 1.307E+00 2.264E-05 284.3 13.35 5.90E-01
 78.80 1.8192E-05 1.2689E-05 0.6975 201.0 1.286E+00 2.229E-05 284.2 13.34 5.99E-01
 78.90 1.7910E-05 1.2480E-05 0.6968 200.8 1.265E+00 2.194E-05 284.1 13.33 6.08E-01
 79.00 1.7632E-05 1.2274E-05 0.6961 200.6 1.244E+00 2.160E-05 283.9 13.32 6.17E-01
 79.10 1.7358E-05 1.2072E-05 0.6955 200.4 1.223E+00 2.126E-05 283.8 13.31 6.26E-01
 79.20 1.7089E-05 1.1873E-05 0.6948 200.2 1.203E+00 2.093E-05 283.6 13.30 6.35E-01
 79.30 1.6823E-05 1.1677E-05 0.6941 200.0 1.183E+00 2.061E-05 283.5 13.29 6.45E-01
 79.40 1.6561E-05 1.1484E-05 0.6934 199.8 1.164E+00 2.029E-05 283.4 13.27 6.54E-01
 79.50 1.6303E-05 1.1294E-05 0.6927 199.6 1.144E+00 1.997E-05 283.2 13.26 6.64E-01
 79.60 1.6048E-05 1.1107E-05 0.6921 199.4 1.125E+00 1.966E-05 283.1 13.25 6.74E-01
 79.70 1.5798E-05 1.0922E-05 0.6914 199.2 1.107E+00 1.935E-05 283.0 13.24 6.84E-01
 79.80 1.5551E-05 1.0741E-05 0.6907 199.0 1.088E+00 1.905E-05 282.8 13.23 6.95E-01
 79.90 1.5308E-05 1.0563E-05 0.6900 198.8 1.070E+00 1.875E-05 282.7 13.22 7.05E-01
 80.00 1.5068E-05 1.0387E-05 0.6894 198.6 1.052E+00 1.846E-05 282.5 13.21 7.16E-01
 80.10 1.4832E-05 1.0214E-05 0.6887 198.4 1.035E+00 1.817E-05 282.4 13.20 7.26E-01
 80.20 1.4599E-05 1.0044E-05 0.6880 198.2 1.018E+00 1.788E-05 282.3 13.19 7.37E-01
 80.30 1.4370E-05 9.8766E-06 0.6873 198.1 1.001E+00 1.760E-05 282.1 13.17 7.48E-01
 80.40 1.4144E-05 9.7118E-06 0.6867 197.9 9.840E-01 1.733E-05 282.0 13.16 7.60E-01
 80.50 1.3921E-05 9.5496E-06 0.6860 197.7 9.676E-01 1.705E-05 281.8 13.15 7.71E-01
 80.60 1.3702E-05 9.3899E-06 0.6853 197.5 9.514E-01 1.678E-05 281.7 13.14 7.83E-01
 80.70 1.3486E-05 9.2327E-06 0.6846 197.3 9.355E-01 1.652E-05 281.6 13.13 7.95E-01
 80.80 1.3273E-05 9.0781E-06 0.6839 197.1 9.198E-01 1.626E-05 281.4 13.12 8.07E-01
 80.90 1.3063E-05 8.9258E-06 0.6833 196.9 9.044E-01 1.600E-05 281.3 13.11 8.19E-01
 81.00 1.2857E-05 8.7760E-06 0.6826 196.7 8.892E-01 1.575E-05 281.1 13.10 8.32E-01
 81.10 1.2654E-05 8.6286E-06 0.6819 196.5 8.743E-01 1.550E-05 281.0 13.09 8.44E-01
 81.20 1.2453E-05 8.4835E-06 0.6812 196.3 8.596E-01 1.526E-05 280.9 13.07 8.57E-01
 81.30 1.2256E-05 8.3407E-06 0.6806 196.1 8.451E-01 1.501E-05 280.7 13.06 8.70E-01
 81.40 1.2061E-05 8.2002E-06 0.6799 195.9 8.309E-01 1.477E-05 280.6 13.05 8.83E-01
 81.50 1.1870E-05 8.0619E-06 0.6792 195.7 8.169E-01 1.454E-05 280.4 13.04 8.97E-01
 81.60 1.1681E-05 7.9258E-06 0.6785 195.5 8.031E-01 1.431E-05 280.3 13.03 9.11E-01
 81.70 1.1495E-05 7.7919E-06 0.6779 195.3 7.895E-01 1.408E-05 280.2 13.02 9.25E-01
 81.80 1.1312E-05 7.6601E-06 0.6772 195.1 7.762E-01 1.386E-05 280.0 13.01 9.39E-01
 81.90 1.1131E-05 7.5304E-06 0.6765 194.9 7.630E-01 1.364E-05 279.9 13.00 9.53E-01
 82.00 1.0954E-05 7.4028E-06 0.6758 194.7 7.501E-01 1.342E-05 279.8 12.98 9.68E-01
 82.10 1.0779E-05 7.2772E-06 0.6751 194.5 7.374E-01 1.320E-05 279.6 12.97 9.83E-01
 82.20 1.0606E-05 7.1537E-06 0.6745 194.3 7.248E-01 1.299E-05 279.5 12.96 9.98E-01
 82.30 1.0437E-05 7.0321E-06 0.6738 194.2 7.125E-01 1.278E-05 279.3 12.95 1.01E+00
 82.40 1.0269E-05 6.9125E-06 0.6731 194.0 7.004E-01 1.258E-05 279.2 12.94 1.03E+00
 82.50 1.0105E-05 6.7948E-06 0.6724 193.8 6.885E-01 1.238E-05 279.0 12.93 1.04E+00
 82.60 9.9424E-06 6.6790E-06 0.6718 193.6 6.767E-01 1.218E-05 278.9 12.92 1.06E+00
 82.70 9.7826E-06 6.5650E-06 0.6711 193.4 6.652E-01 1.198E-05 278.8 12.91 1.08E+00
 82.80 9.6253E-06 6.4529E-06 0.6704 193.2 6.538E-01 1.179E-05 278.6 12.90 1.09E+00
 82.90 9.4703E-06 6.3426E-06 0.6697 193.0 6.427E-01 1.160E-05 278.5 12.88 1.11E+00
 83.00 9.3177E-06 6.2341E-06 0.6691 192.8 6.317E-01 1.141E-05 278.3 12.87 1.13E+00
 83.10 9.1674E-06 6.1273E-06 0.6684 192.6 6.208E-01 1.123E-05 278.2 12.86 1.15E+00
 83.20 9.0193E-06 6.0223E-06 0.6677 192.4 6.102E-01 1.105E-05 278.1 12.85 1.16E+00
 83.30 8.8735E-06 5.9189E-06 0.6670 192.2 5.997E-01 1.087E-05 277.9 12.84 1.18E+00
 83.40 8.7300E-06 5.8173E-06 0.6664 192.0 5.894E-01 1.069E-05 277.8 12.83 1.20E+00
 83.50 8.5886E-06 5.7172E-06 0.6657 191.8 5.793E-01 1.052E-05 277.6 12.82 1.22E+00
 83.60 8.4494E-06 5.6188E-06 0.6650 191.6 5.693E-01 1.035E-05 277.5 12.81 1.24E+00
 83.70 8.3123E-06 5.5220E-06 0.6643 191.4 5.595E-01 1.018E-05 277.4 12.79 1.26E+00
 83.80 8.1772E-06 5.4268E-06 0.6636 191.2 5.499E-01 1.002E-05 277.2 12.78 1.28E+00
 83.90 8.0443E-06 5.3332E-06 0.6630 191.0 5.404E-01 9.854E-06 277.1 12.77 1.30E+00
 84.00 7.9134E-06 5.2410E-06 0.6623 190.8 5.310E-01 9.694E-06 276.9 12.76 1.32E+00
 84.10 7.7845E-06 5.1504E-06 0.6616 190.6 5.219E-01 9.536E-06 276.8 12.75 1.34E+00
 84.20 7.6575E-06 5.0612E-06 0.6609 190.5 5.128E-01 9.380E-06 276.7 12.74 1.36E+00
 84.30 7.5325E-06 4.9735E-06 0.6603 190.3 5.039E-01 9.227E-06 276.5 12.73 1.38E+00
 84.40 7.4095E-06 4.8872E-06 0.6596 190.1 4.952E-01 9.077E-06 276.4 12.71 1.40E+00
 84.50 7.2883E-06 4.8024E-06 0.6589 189.9 4.866E-01 8.928E-06 276.2 12.70 1.42E+00
 84.60 7.1690E-06 4.7189E-06 0.6582 189.7 4.781E-01 8.782E-06 276.1 12.69 1.45E+00
 84.70 7.0515E-06 4.6368E-06 0.6576 189.5 4.698E-01 8.638E-06 275.9 12.68 1.47E+00
 84.80 6.9358E-06 4.5561E-06 0.6569 189.3 4.616E-01 8.496E-06 275.8 12.67 1.49E+00
 84.90 6.8219E-06 4.4766E-06 0.6562 189.1 4.536E-01 8.357E-06 275.7 12.66 1.51E+00
 85.00 6.7098E-06 4.3985E-06 0.6555 188.9 4.457E-01 8.220E-06 275.5 12.65 1.54E+00
 85.10 6.5994E-06 4.3217E-06 0.6549 188.7 4.379E-01 8.084E-06 275.4 12.64 1.56E+00
 85.20 6.4907E-06 4.2461E-06 0.6542 188.5 4.302E-01 7.951E-06 275.2 12.62 1.59E+00
 85.30 6.3837E-06 4.1718E-06 0.6535 188.3 4.227E-01 7.820E-06 275.1 12.61 1.61E+00
 85.40 6.2784E-06 4.0987E-06 0.6528 188.1 4.153E-01 7.691E-06 275.0 12.60 1.64E+00
 85.50 6.1747E-06 4.0269E-06 0.6522 187.9 4.080E-01 7.564E-06 274.8 12.59 1.66E+00
 85.60 6.0726E-06 3.9562E-06 0.6515 187.7 4.009E-01 7.439E-06 274.7 12.58 1.69E+00
 85.70 5.9721E-06 3.8867E-06 0.6508 187.5 3.938E-01 7.316E-06 274.5 12.57 1.72E+00
 85.80 5.8731E-06 3.8183E-06 0.6501 187.3 3.869E-01 7.195E-06 274.4 12.56 1.75E+00
 85.90 5.7757E-06 3.7511E-06 0.6495 187.1 3.801E-01 7.075E-06 274.2 12.54 1.77E+00
 86.00 5.6799E-06 3.6850E-06 0.6488 186.9 3.734E-01 6.958E-06 274.1 12.53 1.80E+00
